5
12
78
15
30
49
100
0 99
7 99
9 99
13 99
14 99
17 99
20 99
22 99
24 99
25 99
26 99
28 99
32 99
33 99
40 99
43 99
48 99
51 99
55 99
57 99
77 99
82 99
86 99
89 99
98 99
2 99
3 99
35 99
45 99
46 99
47 99
50 99
56 99
59 99
60 99
65 99
66 99
73 99
81 99
84 99
6 96
7 96
9 96
11 96
16 96
19 96
20 96
25 96
26 96
28 96
31 96
37 96
38 96
39 96
40 96
48 96
51 96
52 96
55 96
58 96
64 96
0 72
75 96
76 96
82 96
83 96
85 96
89 96
72 96
1 96
3 96
27 96
42 96
50 96
65 96
74 96
80 96
81 96
84 96
5 96
8 96
18 96
35 96
36 96
45 96
54 96
56 96
60 96
61 96
70 96
88 96
90 96
7 93
14 93
16 93
19 93
22 93
25 93
26 93
28 93
