5
17
28
37
41
61
100
0 99
1 99
3 99
8 99
32 99
38 99
42 99
64 99
66 99
71 99
73 99
78 99
82 99
87 99
90 99
92 99
95 99
4 99
6 99
7 99
9 99
13 99
14 99
16 99
18 99
20 99
22 99
24 99
25 99
26 99
29 99
30 99
33 99
34 99
35 99
40 99
43 99
45 99
47 99
48 99
54 99
56 99
57 99
62 99
68 99
69 99
75 99
84 99
88 99
89 99
1 97
8 97
39 97
42 97
51 97
52 97
55 97
63 97
66 97
76 97
77 97
80 97
82 97
87 97
90 97
92 97
4 97
5 97
6 97
7 97
15 97
31 97
33 97
46 97
60 97
83 97
2 97
9 97
10 97
13 97
21 97
22 97
29 97
72 97
75 97
39 88
42 88
50 88
51 88
55 88
59 88
63 88
64 88
70 88
71 88
73 88
76 88
77 88
78 88
0 79
