4
1
98
19
91
87
0 99
98 99
4 99
95 96
95 94
93 92
56 90
7 82
89 88
87 86
50 76
0 2
38 85
29 78
89 82
75 77
78 80
81 83
79 80
81 82
76 77
85 86
83 84
75 76
53 71
23 3
75 74
33 70
73 74
71 72
23 24
75 73
70 71
67 69
70 69
66 68
22 24
70 68
65 67
64 66
63 65
62 63
59 63
62 61
62 60
59 58
21 20
50 49
24 57
54 56
46 44
47 45
9 56
37 39
45 44
62 42
42 41
31 33
35 33
31 32
6 34
28 35
38 36
18 16
18 17
20 29
25 27
29 30
25 26
4 6
27 29
26 28
12 13
11 13
6 12
14 13
14 15
16 15
10 12
5 7
9 11
8 10
8 9
52 54
51 53
48 49
48 47
