5
12
28
49
29
32
100
27 59
13 59
47 59
5 59
29 59
15 31
20 50
2 50
25 50
34 36
14 36
51 36
0 27
44 36
53 36
20 35
0 3
25 35
44 35
18 16
15 37
19 37
0 45
44 37
6 37
13 30
21 30
42 30
22 30
1 30
52 47
46 9
21 9
56 9
52 55
25 55
20 17
19 17
56 17
8 45
14 45
20 13
34 11
34 20
13 45
23 45
11 33
20 33
22 38
6 38
11 15
34 10
34 3
21 41
48 25
52 41
34 43
19 41
58 56
21 56
52 56
46 56
3 56
48 40
51 56
10 14
27 53
58 53
34 18
13 1
14 42
6 42
10 26
19 58
27 58
10 52
46 3
40 58
43 44
40 44
11 44
3 11
14 11
6 25
5 25
14 52
26 19
3 19
6 19
3 27
26 6
8 3
57 14
43 21
26 40
2 8
2 26
23 13
8 13
43 24
