5
13
65
43
52
68
100
20 99
39 99
35 99
19 99
33 99
51 62
3 62
91 62
8 62
21 49
0 9
50 72
0 18
61 72
49 72
16 72
42 72
33 3
64 3
96 3
6 3
98 3
25 76
60 76
56 76
79 76
5 76
28 21
28 32
28 53
84 54
11 54
90 58
14 58
38 71
91 58
11 58
46 58
86 58
89 58
21 24
83 24
86 24
91 24
49 45
87 45
56 45
19 45
77 45
80 45
4 89
38 20
37 89
49 79
27 79
25 79
77 79
6 91
38 41
32 91
38 63
98 91
92 91
57 91
49 35
90 35
19 35
61 35
95 30
41 30
42 30
60 39
59 30
18 2
60 17
60 85
44 2
93 2
59 2
60 64
14 97
41 97
60 31
6 97
59 97
66 88
66 70
66 8
87 16
82 16
95 63
41 16
77 16
25 85
95 88
95 55
95 18
40 85
22 85
74 85
