5
53
73
78
79
81
100
58 99
62 99
65 99
60 99
61 99
66 99
64 99
67 99
68 99
72 99
75 99
76 99
80 99
82 99
84 99
86 99
87 99
0 43
90 99
89 99
83 99
85 99
88 99
91 99
93 99
98 99
92 99
97 99
94 99
55 95
56 95
58 95
59 95
60 95
62 95
65 95
61 95
66 95
70 95
69 95
71 95
74 95
72 95
75 95
80 95
82 95
84 95
86 95
87 95
83 95
85 95
88 95
91 95
96 95
93 95
98 95
97 95
55 94
57 94
59 94
65 94
67 94
68 94
74 94
72 94
75 94
76 94
80 94
82 94
84 94
86 94
87 94
90 94
89 94
85 94
91 94
96 94
93 94
98 94
92 94
48 97
55 97
56 97
57 97
58 97
59 97
60 97
61 97
63 97
67 97
68 97
70 97
72 97
75 97
80 97
77 97
0 41
86 97
84 97
89 97
