1
7
98
0 99
1 99
0 98
95 97
42 44
90 92
77 79
52 54
35 37
26 28
34 36
51 53
46 48
25 27
58 60
57 59
56 58
55 57
54 56
53 55
89 91
88 90
0 2
87 89
86 88
85 87
84 86
83 85
82 84
81 83
80 82
79 81
78 80
45 47
44 46
43 45
98 99
96 97
94 96
93 95
92 94
91 93
76 78
73 75
72 74
75 77
74 76
71 73
70 72
69 71
68 70
67 69
66 68
65 67
64 66
63 65
62 64
61 63
60 62
59 61
50 52
49 51
48 50
47 49
41 43
40 42
39 41
38 40
37 39
36 38
33 35
32 34
31 33
30 32
29 31
28 30
27 29
24 26
9 11
8 10
23 25
10 12
22 24
21 23
20 22
19 21
18 20
17 19
16 18
15 17
14 16
13 15
12 14
11 13
4 6
3 5
2 4
1 3
