5
83
54
58
60
1
100
0 99
1 99
3 99
5 99
9 99
12 99
15 99
17 99
18 99
26 99
27 99
30 99
31 99
33 99
35 99
39 99
40 99
49 99
53 99
56 99
66 99
67 99
70 99
80 99
82 99
87 99
88 99
91 99
93 99
96 99
98 99
21 99
43 99
48 99
75 99
32 99
52 99
59 99
16 99
20 99
36 99
44 99
62 99
65 99
71 99
74 99
79 99
81 99
92 99
7 99
13 99
22 99
24 99
29 99
34 99
38 99
42 99
45 99
50 99
55 99
63 99
64 99
68 99
73 99
76 99
5 94
12 94
18 94
27 94
30 94
33 94
53 94
70 94
0 77
80 94
95 94
96 94
98 94
32 94
48 94
59 94
61 94
75 94
77 94
16 94
36 94
50 94
62 94
65 94
20 94
73 94
3 14
5 14
9 14
12 14
15 14
25 14
27 14
28 14
30 14
