3
7
19
20
100
0 74
1 74
2 74
3 74
4 74
5 74
6 74
8 74
9 74
10 74
11 74
12 74
13 74
14 74
15 74
16 74
17 74
18 74
21 74
22 74
23 74
24 74
25 74
26 74
27 74
28 74
29 74
30 74
31 74
0 32
33 74
34 74
35 74
36 74
37 74
38 74
39 74
0 40
41 74
42 74
43 74
44 74
45 74
46 74
47 74
48 74
49 74
50 74
51 74
52 74
53 74
54 74
55 74
56 74
57 74
58 74
59 74
60 74
61 74
62 74
63 74
64 74
65 74
66 74
67 74
68 74
0 69
70 74
71 74
72 74
73 74
32 74
40 74
1 69
2 69
3 69
4 69
5 69
6 69
8 69
9 69
10 69
11 69
12 69
13 69
14 69
15 69
16 69
17 69
18 69
21 69
22 69
23 69
24 69
25 69
26 69
27 69
28 69
29 69
30 69
