5
12
97
56
44
77
100
33 99
59 99
67 99
64 99
11 46
73 46
68 67
9 67
65 22
68 22
62 22
27 52
0 53
41 52
0 33
39 52
94 49
93 49
95 49
64 37
5 37
93 91
60 91
54 96
11 96
80 96
82 30
78 10
32 10
20 21
36 21
82 23
57 25
82 85
87 21
88 74
28 74
69 6
33 57
89 36
30 6
15 6
35 98
3 98
41 98
89 9
13 27
89 38
47 4
58 69
58 2
79 84
42 4
35 4
84 88
80 88
13 72
58 24
53 72
14 72
9 69
13 80
38 19
38 17
18 86
79 90
45 86
79 54
20 84
92 57
7 3
85 75
85 18
90 3
36 5
7 5
50 15
18 23
50 30
81 87
40 87
78 34
31 54
28 25
78 29
42 25
39 47
17 47
48 55
26 55
29 55
61 14
75 29
90 32
76 32
45 39
16 19
2 19
15 64
66 76
