5
59
80
49
19
36
100
56 99
60 99
0 3
74 99
21 99
7 99
48 99
0 57
58 99
96 99
64 99
41 52
46 52
0 69
0 73
0 56
0 60
79 52
29 52
0 92
48 52
0 37
81 52
17 52
0 75
0 82
0 86
92 84
16 84
77 84
95 1
95 5
95 53
97 84
10 84
95 8
62 84
74 84
95 92
95 26
95 96
40 84
12 84
32 84
95 29
68 84
78 84
95 86
95 16
95 42
95 51
95 58
95 66
89 10
89 64
89 22
89 26
89 55
89 91
89 86
89 45
89 98
89 11
89 44
89 7
89 12
89 39
43 82
43 86
43 45
43 72
43 87
43 38
43 12
43 51
43 76
41 56
41 82
41 30
41 45
41 93
41 24
41 61
70 91
70 37
70 73
70 75
70 44
70 35
29 14
29 55
29 57
29 82
29 65
29 35
29 83
29 31
68 85
68 96
68 87
