5
16
59
3
90
25
100
7 97
18 97
24 97
31 97
53 97
62 97
91 97
96 97
1 97
25 97
32 97
37 97
44 97
66 97
9 97
10 97
15 97
21 97
33 97
40 97
42 97
47 97
48 97
51 97
61 97
76 97
88 97
1 82
28 82
29 82
32 82
39 82
15 82
21 82
23 82
30 82
42 82
45 82
48 82
49 82
54 82
57 82
60 82
63 82
64 82
71 82
78 82
84 82
87 82
13 88
19 88
58 88
62 88
68 88
91 88
92 88
93 88
95 88
28 88
44 88
73 88
2 88
9 88
33 88
78 88
4 88
10 88
14 88
15 88
23 88
30 88
42 88
54 88
63 88
64 88
65 88
77 88
17 85
43 85
62 85
69 85
91 85
29 85
37 85
39 85
66 85
33 85
51 85
84 85
71 85
77 85
4 85
64 85
10 85
14 85
50 85
13 76
46 76
62 76
68 76
