5
6
13
18
64
70
100
0 90
0 2
0 3
0 4
0 5
0 9
0 11
0 12
0 14
0 19
0 21
0 23
0 25
0 28
0 30
0 31
0 32
0 34
0 35
0 36
0 38
0 39
0 42
0 43
0 45
0 46
0 49
0 51
0 54
0 56
0 58
0 61
0 62
0 65
0 67
0 68
0 69
0 73
0 74
0 76
0 77
0 78
0 79
0 80
0 81
0 82
0 85
0 86
0 87
0 89
0 17
0 20
0 24
0 26
0 29
0 44
0 47
0 53
0 55
0 57
0 59
0 63
0 66
0 75
0 83
84 2
84 4
84 9
84 11
84 12
84 14
84 19
84 23
84 25
28 90
84 30
84 31
84 32
84 34
84 36
84 38
84 39
84 42
84 45
84 46
84 49
84 51
84 54
84 56
84 61
84 62
84 65
84 67
84 68
84 69
84 73
84 74
84 78
84 79
84 80
