5
11
14
9
21
50
100
13 60
15 60
35 60
0 36
40 60
57 60
44 59
2 59
13 59
22 59
0 16
0 44
0 2
36 59
1 59
3 59
4 59
5 59
6 59
7 59
8 59
10 59
12 59
15 59
16 59
17 59
18 59
19 59
20 59
23 59
24 59
25 59
26 59
27 59
28 59
29 59
30 59
31 59
32 59
33 59
34 59
35 59
37 59
38 59
39 59
40 59
41 59
42 59
43 59
45 59
46 59
47 59
48 59
49 59
51 59
52 59
53 59
54 59
55 59
56 59
57 59
13 58
0 22
36 58
44 58
2 58
22 58
16 58
1 58
3 58
4 58
5 58
6 58
7 58
8 58
10 58
12 58
15 58
17 58
18 58
19 58
20 58
23 58
24 58
25 58
26 58
27 58
28 58
29 58
30 58
31 58
32 58
33 58
34 58
35 58
37 58
38 58
39 58
40 58
41 58
