5
18
34
6
80
64
100
84 94
87 94
73 94
32 94
59 94
8 94
4 94
51 94
93 94
47 94
62 94
49 94
16 11
84 11
91 11
28 11
43 11
89 11
67 11
59 11
68 11
90 11
83 11
13 11
74 11
12 11
10 11
14 11
63 11
38 76
43 76
0 29
0 77
21 76
59 76
70 76
90 76
35 76
40 76
41 76
75 76
24 76
51 76
29 76
27 76
30 76
92 76
16 77
87 77
73 77
43 77
36 77
33 77
41 77
78 77
54 77
69 77
85 77
88 77
48 77
37 77
73 3
32 3
59 3
33 3
60 3
50 3
52 3
66 3
2 3
9 4
0 73
58 4
39 4
17 4
36 4
68 4
33 4
35 4
5 4
50 4
0 84
13 4
78 4
73 4
10 4
66 4
72 4
49 4
25 48
86 48
46 48
82 48
68 48
79 48
40 48
75 48
61 48
14 48
66 48
