5
12
17
1
22
45
100
34 99
0 11
31 99
38 99
0 61
0 13
56 99
78 99
0 71
76 99
43 81
20 81
0 86
4 66
47 49
89 49
98 49
74 56
0 97
21 56
21 46
94 29
13 46
94 4
76 46
33 36
94 31
41 24
21 36
41 75
41 60
66 36
63 36
92 36
2 36
25 74
66 74
13 74
83 33
64 74
24 74
95 54
21 54
31 54
71 54
23 79
97 79
71 79
15 76
85 76
60 50
77 76
70 76
50 76
40 35
70 35
72 35
75 35
29 69
77 69
18 69
13 72
15 72
57 82
92 72
61 72
57 96
10 72
23 72
53 72
19 98
52 98
18 98
82 25
67 25
90 25
5 25
10 62
58 62
26 62
87 62
4 62
28 27
6 3
18 3
78 65
90 65
86 65
64 19
91 19
6 19
7 86
9 86
57 60
57 47
57 80
23 86
48 86
38 86
59 86
