5
3
22
33
40
44
100
0 50
11 50
20 50
23 50
47 50
2 50
7 50
24 50
29 50
30 50
34 50
42 50
9 43
10 43
11 43
20 43
31 43
41 43
13 43
15 43
7 43
12 43
19 43
8 43
39 43
16 34
23 34
35 34
45 34
47 34
48 34
13 34
17 34
15 34
32 34
14 34
4 38
16 38
45 38
47 38
5 38
49 38
18 38
28 38
32 38
36 38
12 38
24 38
4 39
10 39
23 39
35 39
41 39
48 39
37 39
49 39
28 39
12 39
14 39
20 21
41 21
47 21
48 21
13 21
26 21
37 21
18 21
27 21
19 21
42 21
0 4
0 10
0 45
0 47
0 48
0 1
0 9
0 11
0 16
0 20
0 23
0 31
0 35
0 41
46 10
46 45
46 18
46 7
46 14
46 8
46 1
46 11
46 16
46 31
46 15
17 45
17 49
17 24
17 1
17 16
