5
51
63
65
72
80
100
49 97
50 97
52 97
53 97
54 97
55 97
56 97
57 97
58 97
59 97
60 97
61 97
62 97
64 97
66 97
67 97
68 97
69 97
70 97
71 97
73 97
74 97
75 97
76 97
77 97
78 97
79 97
81 97
82 97
83 97
84 97
85 97
86 97
87 97
88 97
89 97
90 97
91 97
92 97
93 97
94 97
95 97
1 96
2 96
3 96
4 96
5 96
6 96
7 96
8 96
9 96
10 96
11 96
12 96
13 96
14 96
15 96
16 96
17 96
18 96
19 96
20 96
0 21
22 96
23 96
0 24
25 96
0 26
27 96
28 96
29 96
30 96
31 96
32 96
33 96
34 96
35 96
36 96
37 96
38 96
39 96
40 96
41 96
42 96
43 96
44 96
45 96
46 96
47 96
48 96
21 96
24 96
49 26
50 26
52 26
53 26
54 26
55 26
56 26
57 26
