4
67
16
29
32
100
0 99
91 99
10 99
13 99
15 99
18 99
22 99
24 99
26 99
30 99
38 99
39 99
40 99
41 99
46 99
47 99
48 99
50 99
51 99
59 99
64 99
66 99
68 99
69 99
70 99
0 72
74 99
75 99
76 99
81 99
84 99
90 99
93 99
95 99
97 99
2 99
4 99
6 99
21 99
23 99
44 99
56 99
57 99
79 99
80 99
86 99
88 99
98 99
9 99
33 99
36 99
55 99
58 99
25 99
60 99
85 99
72 99
5 99
8 99
28 99
34 99
42 99
43 99
54 99
63 99
78 99
83 99
96 99
77 99
92 99
62 99
7 99
1 49
91 49
10 49
12 49
13 49
15 49
35 49
39 49
40 49
46 49
48 49
50 49
51 49
53 49
59 49
61 49
64 49
65 49
68 49
70 49
71 49
74 49
75 49
81 49
82 49
89 49
90 49
94 49
