5
45
16
23
54
56
100
6 95
40 95
47 95
63 95
81 95
24 95
33 95
39 95
41 95
83 95
90 95
14 95
64 95
3 95
32 95
20 95
38 95
30 42
31 42
0 36
40 42
57 42
63 42
75 42
81 42
22 42
24 42
43 42
52 42
36 42
71 42
72 42
73 42
76 42
83 42
90 42
14 42
21 42
34 42
53 42
32 42
51 42
78 42
50 42
69 42
44 42
94 42
25 42
27 42
47 79
60 79
33 79
39 79
52 79
72 79
77 79
26 79
34 79
32 79
86 79
19 79
37 79
10 79
61 79
25 79
0 11
0 49
0 62
0 81
65 79
11 59
0 1
49 59
62 59
81 59
8 59
12 59
18 59
24 59
52 59
0 15
55 59
26 59
64 59
44 59
30 27
48 27
63 27
75 27
8 27
46 27
71 27
26 27
53 27
85 27
86 27
10 27
61 27
82 27
47 28
