5
25
50
86
31
49
84
38 99
94 99
79 99
42 96
94 96
15 8
75 11
68 11
8 11
56 93
83 93
88 93
46 58
0 98
37 17
42 58
59 58
42 17
0 3
0 29
27 21
0 15
1 7
83 21
77 66
83 66
44 4
26 66
91 23
4 7
63 33
59 22
29 26
84 30
61 30
97 30
28 14
51 40
19 28
27 28
10 89
97 28
95 73
29 20
74 65
10 81
9 18
88 82
89 98
3 18
23 62
37 65
45 65
75 48
82 48
97 54
67 62
81 62
38 37
3 37
56 37
23 34
63 37
1 72
15 37
98 19
42 19
64 84
75 84
98 84
46 6
9 87
53 34
3 5
43 6
8 35
70 63
56 87
87 8
53 90
61 69
45 16
78 72
55 97
