5
82
39
54
46
55
100
6 93
11 93
18 93
37 93
45 93
65 93
17 93
19 93
80 93
88 93
13 93
32 93
9 93
20 93
27 93
36 93
86 93
53 93
12 93
43 93
11 75
18 75
47 75
73 75
26 75
51 75
64 75
91 75
13 75
25 75
27 75
62 75
68 75
67 75
70 75
66 75
11 77
31 77
57 77
88 77
90 77
13 77
25 77
40 77
84 77
27 77
36 77
63 77
68 77
49 77
53 77
81 77
43 77
11 44
31 44
34 44
58 44
60 44
51 44
79 44
13 44
63 44
68 44
42 44
67 44
92 44
10 81
18 81
45 81
47 81
65 81
17 81
26 81
56 81
74 81
80 81
8 81
32 81
72 81
5 81
9 81
33 81
63 81
23 81
42 81
70 81
85 81
28 87
31 87
34 87
41 87
71 87
30 87
56 87
61 87
74 87
91 87
8 87
16 87
72 87
