5
78
1
52
2
4
100
0 79
77 79
72 50
2 7
24 7
74 68
26 68
0 30
77 30
77 75
73 75
37 75
18 47
73 47
74 76
20 76
77 76
71 76
69 76
21 45
71 62
17 62
31 13
13 62
27 62
59 62
3 43
48 43
28 43
3 51
66 51
34 51
25 57
77 57
46 57
59 57
34 55
0 28
3 28
0 18
0 53
0 66
33 53
0 25
39 53
66 53
3 63
73 63
0 19
41 63
66 19
17 41
12 41
71 56
0 35
8 35
69 40
3 36
77 36
64 54
73 67
70 67
0 44
3 44
37 39
25 39
65 6
33 10
14 10
0 60
3 60
72 60
38 60
31 12
0 3
5 3
8 3
32 3
20 3
77 3
21 3
33 3
29 3
15 3
13 3
65 3
64 72
70 72
0 32
37 32
0 26
0 24
58 24
0 20
0 5
0 42
73 11
0 16
21 16
0 73
