5
26
65
84
31
7
100
0 99
27 99
32 99
87 99
60 99
83 99
15 99
45 99
80 99
72 99
2 99
39 99
94 99
64 99
18 99
35 99
41 99
4 99
33 99
40 99
69 99
52 99
22 99
37 99
21 99
16 99
34 99
23 99
93 99
11 99
13 99
14 99
17 99
20 99
24 99
38 99
47 99
54 99
55 99
57 99
59 99
61 99
70 99
71 99
74 99
79 99
81 99
88 99
89 99
90 99
91 99
92 99
97 99
5 99
10 99
28 99
42 99
51 99
53 99
56 99
62 99
63 99
73 99
75 99
78 99
95 99
87 96
15 96
80 96
50 96
67 96
2 96
39 96
94 96
18 96
0 86
49 96
33 96
40 96
37 96
21 96
34 96
23 96
3 96
11 96
13 96
14 96
17 96
20 96
38 96
55 96
57 96
59 96
70 96
71 96
74 96
79 96
81 96
88 96
91 96
