5
47
57
10
13
15
100
0 70
1 70
3 70
8 70
11 70
14 70
21 70
22 70
26 70
34 70
37 70
40 70
43 70
48 70
49 70
53 70
54 70
55 70
60 70
61 70
66 70
2 70
4 70
18 70
24 70
29 70
30 70
44 70
45 70
50 70
51 70
59 70
63 70
64 70
1 69
11 69
14 69
20 69
26 69
0 32
34 69
37 69
40 69
43 69
46 69
49 69
53 69
54 69
55 69
61 69
62 69
65 69
68 69
32 69
2 69
4 69
5 69
19 69
35 69
41 69
44 69
52 69
12 69
16 69
24 69
27 69
29 69
31 69
39 69
45 69
51 69
3 63
8 63
9 63
14 63
0 20
21 63
22 63
0 23
25 63
26 63
28 63
37 63
0 38
40 63
43 63
46 63
48 63
49 63
58 63
60 63
0 65
67 63
20 63
23 63
32 63
38 63
65 63
6 63
19 63
