5
37
5
71
29
19
100
0 99
6 99
0 69
98 99
84 99
58 99
92 99
15 99
20 99
23 99
25 99
30 99
31 99
67 99
72 99
75 99
88 99
93 99
94 99
69 99
3 99
8 99
24 99
43 99
45 99
48 99
49 99
50 99
52 99
54 99
56 99
59 99
60 99
65 99
66 99
74 99
76 99
77 99
78 99
79 99
80 99
82 99
83 99
85 99
87 99
89 99
90 99
26 97
6 97
27 97
98 97
47 97
63 97
92 97
57 97
18 97
7 97
9 97
12 97
15 97
23 97
25 97
30 97
34 97
39 97
61 97
62 97
94 97
69 97
10 97
96 97
79 97
83 97
53 97
81 97
16 97
43 97
13 97
32 97
51 97
76 97
3 97
55 97
78 97
45 97
52 97
70 97
73 97
41 97
26 85
6 85
84 85
88 85
7 85
12 85
15 85
25 85
31 85
39 85
61 85
