5
52
10
35
22
38
100
0 59
0 26
0 40
49 59
33 20
15 20
51 26
49 26
49 28
31 28
13 28
24 28
37 7
3 7
43 8
23 8
25 32
15 8
51 8
17 40
2 40
54 40
21 50
55 50
57 53
37 24
16 24
43 41
46 41
23 41
5 41
32 41
30 27
25 56
45 34
16 34
19 32
54 32
25 29
25 44
5 17
21 17
36 17
56 17
11 19
1 17
13 17
58 17
49 30
18 56
37 30
2 30
11 45
58 19
42 48
11 47
18 6
58 48
13 43
57 43
45 43
56 43
23 1
49 1
5 33
13 33
47 54
58 33
56 46
14 46
23 54
47 16
44 54
47 5
2 56
16 56
58 29
47 6
36 29
23 44
55 16
57 44
2 23
23 16
57 16
15 16
58 42
49 16
5 13
23 31
57 31
15 31
36 45
5 45
21 45
36 42
58 36
58 57
58 23
58 15
