5
84
65
72
32
7
84
22 99
50 79
0 37
0 51
79 99
45 42
35 95
67 77
78 75
20 2
13 2
37 28
83 28
90 53
14 53
98 42
13 90
11 43
23 43
89 5
29 5
71 12
9 12
64 76
89 17
91 17
26 70
15 52
98 52
16 92
41 92
26 86
68 25
54 50
58 1
63 48
22 1
87 25
54 20
60 64
60 66
68 56
55 27
6 93
47 93
55 70
51 21
85 82
8 82
62 39
14 19
41 44
48 44
49 31
6 18
96 76
30 91
74 94
27 94
96 15
57 4
59 3
67 47
19 36
8 33
30 97
59 21
46 40
61 86
61 73
57 87
81 56
88 24
88 73
46 71
58 80
3 24
38 34
81 34
69 39
9 75
9 10
10 80
4 18
