5
8
6
7
15
3
100
17 99
21 99
3 99
16 99
9 32
18 32
22 32
94 32
3 32
20 16
22 16
29 16
50 16
4 16
35 16
38 16
68 16
81 16
33 47
13 34
18 34
22 34
23 34
65 34
39 34
42 34
43 34
48 34
56 34
76 34
2 54
4 54
37 54
17 90
41 90
84 90
9 2
12 2
13 2
28 2
41 2
46 2
62 2
67 2
71 2
19 2
73 2
85 2
94 2
97 2
1 44
11 44
27 44
33 44
73 44
80 44
50 74
71 74
73 74
81 74
23 43
63 43
42 43
24 57
0 26
63 57
26 57
1 57
53 57
22 86
24 86
29 86
1 86
9 19
18 19
41 19
26 19
42 19
30 19
35 19
36 19
68 19
77 19
79 19
85 75
35 75
69 68
97 68
35 68
49 68
1 79
40 79
13 42
1 42
40 42
12 95
40 95
5 95
35 95
9 76
