5
39
26
16
17
20
98
29 35
52 53
53 60
54 60
44 49
50 54
46 52
48 51
49 56
58 60
57 59
56 58
55 57
52 51
47 50
38 44
38 43
42 43
33 47
42 47
46 47
32 40
35 40
36 40
42 40
37 46
12 30
27 30
28 30
29 30
13 30
10 14
14 18
15 18
19 18
21 18
23 22
24 22
25 22
19 22
23 21
24 21
1 27
25 21
15 19
24 23
25 23
28 27
29 27
28 24
28 25
25 27
1 29
2 29
3 29
1 28
0 2
1 2
3 2
4 2
5 2
0 6
3 6
4 6
5 6
7 6
8 6
9 6
7 10
0 8
8 10
9 10
11 10
12 10
9 13
11 13
12 13
7 11
14 13
11 15
12 15
11 14
8 12
9 12
8 11
5 9
7 9
4 8
5 8
0 7
3 7
4 7
0 5
1 5
3 5
0 4
1 4
0 3
