5
48
44
42
20
35
100
46 98
45 98
43 98
36 47
40 47
70 47
38 47
29 46
15 46
41 46
40 46
90 46
0 6
32 46
22 46
31 46
81 46
72 46
27 46
38 46
77 46
65 46
23 46
73 46
36 97
40 97
6 38
18 38
21 38
33 38
83 38
28 38
0 4
34 38
22 38
0 7
72 38
96 38
23 38
45 38
71 38
68 38
17 38
43 38
93 38
30 95
26 95
34 95
19 22
15 22
10 22
92 22
85 22
36 22
60 22
86 22
0 24
45 22
23 22
73 22
17 22
0 3
67 22
0 5
0 9
11 22
10 61
36 61
34 61
25 24
30 24
3 24
5 24
7 24
11 24
28 24
0 2
31 24
81 24
53 24
57 24
0 19
36 24
55 24
0 39
80 24
78 24
9 86
10 11
34 11
36 11
19 72
30 15
92 15
32 15
82 15
2 15
4 15
14 15
54 15
