5
6
31
75
44
52
100
2 88
3 88
10 88
16 88
23 88
0 34
35 88
40 88
46 88
0 48
64 88
76 88
79 88
74 88
48 88
34 88
14 88
36 88
39 88
42 88
55 88
66 88
67 88
68 88
83 88
53 88
54 88
59 88
80 88
15 88
17 88
18 88
27 88
28 88
30 88
50 88
77 88
84 88
86 88
5 87
16 87
26 87
43 87
46 87
64 87
85 87
34 87
12 87
13 87
14 87
58 87
67 87
68 87
74 87
83 87
9 87
21 87
22 87
33 87
45 87
61 87
78 87
70 87
71 87
27 87
77 87
15 87
47 87
8 84
43 84
46 84
49 84
56 84
0 63
64 84
76 84
81 84
85 84
9 84
13 84
22 84
38 84
59 84
34 84
63 84
19 84
36 84
37 84
39 84
42 84
51 84
58 84
66 84
69 84
72 84
73 84
78 84
82 84
11 84
70 84
