5
8
53
21
26
64
86
0 1
2 1
3 1
12 99
73 99
93 95
36 38
92 94
91 93
54 56
18 20
38 40
35 37
55 57
61 63
23 25
22 24
37 39
50 52
49 51
97 99
96 98
60 62
95 97
59 61
90 92
69 71
89 91
88 90
87 89
68 70
67 69
70 72
86 88
85 87
84 86
83 85
94 96
39 40
48 50
41 43
41 42
47 49
46 48
45 47
44 46
34 36
27 29
31 33
28 30
30 32
29 31
82 84
81 83
80 82
71 73
72 73
79 81
78 80
77 79
76 78
75 77
56 58
57 58
59 60
74 76
74 75
66 68
65 67
43 45
42 44
33 35
32 34
17 19
14 16
13 15
12 14
11 13
10 12
9 11
16 18
15 17
5 7
4 6
3 5
2 4
