5
54
25
21
17
61
100
0 98
37 98
23 98
57 98
36 98
42 98
9 98
66 98
60 98
24 98
5 98
3 98
22 98
41 98
50 98
91 62
86 62
51 62
0 67
90 62
12 62
23 62
26 62
78 62
65 62
42 62
15 62
58 62
95 62
60 62
96 62
97 62
24 62
5 62
22 62
68 62
85 62
71 62
81 62
83 62
77 62
67 62
51 75
37 75
23 75
57 75
11 75
36 75
9 75
15 75
33 75
5 75
41 75
7 75
63 75
0 48
86 48
56 48
23 48
13 48
57 48
4 48
53 48
36 48
1 48
65 48
94 48
42 48
9 48
66 48
92 48
95 48
47 48
5 48
41 48
52 48
20 48
19 48
79 48
35 48
72 48
71 48
83 48
55 73
51 73
13 73
26 73
57 73
42 73
9 73
58 73
60 73
24 73
5 73
41 73
20 73
8 73
19 73
63 73
14 73
