5
18
44
54
60
66
100
0 99
3 99
4 99
7 99
8 99
9 99
11 99
12 99
13 99
14 99
16 99
17 99
19 99
20 99
0 21
22 99
23 99
29 99
30 99
31 99
36 99
37 99
40 99
43 99
46 99
47 99
49 99
51 99
52 99
53 99
57 99
58 99
59 99
62 99
63 99
68 99
70 99
71 99
72 99
73 99
74 99
76 99
78 99
81 99
82 99
83 99
86 99
0 87
88 99
90 99
91 99
92 99
93 99
95 99
1 99
2 99
26 99
27 99
28 99
34 99
35 99
41 99
48 99
50 99
55 99
56 99
61 99
65 99
67 99
85 99
25 99
32 99
45 99
21 99
87 99
24 99
38 99
42 99
69 99
75 99
3 15
4 15
5 15
6 15
8 15
9 15
10 15
11 15
12 15
13 15
16 15
17 15
19 15
20 15
22 15
23 15
29 15
31 15
33 15
36 15
