5
9
20
21
26
30
100
2 99
3 99
4 99
5 99
6 99
7 99
8 99
10 99
11 99
12 99
13 99
14 99
15 99
16 99
17 99
18 99
19 99
22 99
23 99
24 99
25 99
27 99
28 99
29 99
31 99
32 99
33 99
66 99
67 99
68 99
69 99
70 99
71 99
72 99
73 99
74 99
75 99
76 99
77 99
78 99
79 99
80 99
81 99
82 99
83 99
84 99
85 99
86 99
87 99
88 99
89 99
90 99
91 99
92 99
93 99
94 99
95 99
96 99
97 99
1 99
0 31
0 32
0 33
0 34
0 67
0 68
0 69
0 70
0 71
0 72
0 73
0 74
0 75
0 76
0 77
0 78
0 79
0 80
0 81
0 82
0 83
0 84
0 85
0 86
0 87
0 88
0 89
0 90
0 91
0 92
93 65
0 94
0 95
0 96
0 97
0 98
0 2
0 3
0 4
0 5
