5
20
77
37
45
30
100
6 99
12 99
19 99
21 99
22 99
33 99
36 99
47 99
51 99
53 99
65 99
68 99
74 99
83 99
92 99
97 99
9 99
23 99
35 99
40 99
59 99
60 99
66 99
81 99
91 99
95 99
5 99
52 99
76 99
49 99
89 99
98 99
78 99
63 99
29 99
14 71
19 71
22 71
24 71
36 71
70 71
74 71
80 71
85 71
87 71
23 71
26 71
27 71
35 71
39 71
41 71
60 71
66 71
79 71
81 71
95 71
0 12
46 71
61 71
16 71
44 71
49 71
54 71
67 71
89 71
98 71
63 71
10 86
11 86
14 86
17 86
21 86
24 86
28 86
31 86
34 86
43 86
51 86
53 86
55 86
57 86
65 86
68 86
70 86
72 86
75 86
85 86
87 86
94 86
12 86
9 86
27 86
35 86
41 86
50 86
96 86
76 86
49 86
54 86
93 86
