5
46
86
52
96
95
100
0 4
30 99
81 99
83 99
92 99
29 99
12 99
66 99
77 99
59 99
75 99
42 99
53 99
56 99
3 21
28 21
66 21
23 21
0 88
42 21
44 21
48 21
0 24
51 21
34 57
17 57
22 57
0 26
31 57
40 57
55 57
82 57
23 57
5 57
44 57
8 68
25 68
36 68
45 68
93 68
10 68
53 68
90 68
40 68
72 68
62 68
0 61
39 68
82 68
41 68
44 68
66 68
85 68
87 68
0 14
32 68
67 68
56 68
30 48
61 48
3 48
82 48
0 94
55 48
64 48
0 19
78 48
67 48
40 85
76 85
5 85
0 91
1 85
17 85
20 85
38 85
41 85
0 43
42 85
53 85
70 85
74 85
87 85
31 97
19 97
94 97
33 97
2 97
37 97
11 97
18 97
22 97
38 97
56 97
67 97
73 97
87 97
90 97
26 80
94 80
