5
90
91
87
7
85
100
92 99
93 99
94 99
95 99
96 99
97 99
89 98
92 98
93 98
0 5
94 98
95 98
96 98
88 97
89 97
92 97
93 97
94 97
95 97
88 96
89 96
92 96
93 96
94 96
86 95
88 95
89 95
92 95
93 95
86 94
88 94
89 94
92 94
84 93
86 93
88 93
89 93
83 92
84 92
86 92
88 92
80 89
81 89
82 89
83 89
84 89
86 89
79 88
80 88
81 88
82 88
83 88
84 88
77 86
60 69
78 86
79 86
80 86
54 63
81 86
82 86
83 86
75 84
0 4
76 84
77 84
78 84
79 84
80 84
81 84
82 84
0 2
74 83
75 83
67 76
76 83
77 83
78 83
79 83
80 83
81 83
0 1
73 82
74 82
75 82
0 6
76 82
77 82
78 82
79 82
80 82
0 3
0 8
72 81
73 81
74 81
75 81
76 81
77 81
9 16
