5
13
2
80
40
92
100
0 30
0 44
65 99
23 99
5 99
1 99
33 99
78 99
20 99
94 99
0 26
29 39
98 39
90 39
22 39
43 39
7 39
12 39
15 39
16 39
0 63
73 39
83 39
65 39
57 62
28 74
17 74
68 74
96 74
0 47
54 74
8 74
0 67
30 74
0 46
37 74
71 74
43 74
5 74
18 74
26 74
45 74
58 74
58 95
59 95
89 95
48 95
55 95
35 95
85 82
5 82
35 82
75 82
64 82
43 70
85 70
58 70
94 70
7 70
9 70
18 70
55 70
75 70
67 70
1 51
20 51
56 6
26 51
81 51
19 51
88 24
44 24
14 24
79 24
6 24
89 24
68 24
72 24
58 24
75 24
22 24
61 24
56 32
23 97
14 97
87 97
52 97
37 97
77 22
45 22
59 22
79 22
25 22
30 22
76 22
78 22
65 22
67 22
81 22
28 22
