5
29
33
60
79
82
100
0 99
1 99
2 99
3 99
7 99
11 99
12 99
13 99
15 99
16 99
17 99
43 99
45 99
49 99
51 99
56 99
57 99
58 99
59 99
61 99
63 99
64 99
65 99
66 99
67 99
68 99
70 99
72 99
74 99
75 99
76 99
78 99
81 99
85 99
87 99
88 99
91 99
94 99
97 99
98 99
5 99
8 99
9 99
10 99
14 99
21 99
26 99
30 99
31 99
32 99
34 99
35 99
40 99
41 99
42 99
44 99
46 99
47 99
52 99
62 99
69 99
80 99
92 99
95 99
1 96
2 96
3 96
4 96
7 96
11 96
13 96
15 96
16 96
18 96
20 96
24 96
36 96
38 96
39 96
43 96
45 96
48 96
49 96
50 96
51 96
53 96
54 96
55 96
56 96
57 96
58 96
59 96
61 96
63 96
65 96
66 96
67 96
68 96
70 96
72 96
