5
67
91
85
88
95
100
95 99
96 99
97 99
89 98
68 66
90 98
92 98
93 98
68 69
86 94
84 87
87 94
96 94
89 97
90 97
92 97
86 93
86 89
86 90
92 87
96 93
89 87
71 84
74 84
80 84
78 84
83 84
81 84
77 84
76 72
79 72
74 72
80 72
78 72
83 72
73 81
76 81
79 81
71 81
74 81
78 81
83 81
77 81
68 82
76 69
74 69
82 69
80 69
79 77
76 77
71 77
82 77
73 83
79 83
76 83
80 83
78 83
79 66
76 66
74 66
82 66
79 78
73 78
71 78
75 80
79 80
76 80
68 70
79 70
73 70
71 70
68 75
68 73
74 70
65 82
76 73
76 71
65 71
65 74
50 64
61 64
47 64
55 56
63 64
57 64
38 43
39 43
40 43
41 43
34 42
35 42
36 42
29 37
30 37
31 37
32 37
33 37
38 37
39 37
40 37
