0
100
0 99
1 99
3 99
6 99
8 99
9 99
12 99
14 99
15 99
16 99
18 99
19 99
20 99
21 99
23 99
27 99
31 99
32 99
33 99
34 99
38 99
39 99
40 99
41 99
44 99
45 99
46 99
48 99
49 99
51 99
59 99
60 99
61 99
63 99
64 99
65 99
66 99
67 99
68 99
71 99
73 99
80 99
82 99
85 99
86 99
89 99
90 99
91 99
94 99
96 99
98 99
4 99
7 99
10 99
11 99
24 99
25 99
28 99
29 99
37 99
42 99
52 99
56 99
58 99
74 99
75 99
78 99
79 99
83 99
84 99
87 99
88 99
93 99
1 97
2 97
5 97
6 97
8 97
9 97
14 97
15 97
18 97
21 97
26 97
32 97
34 97
36 97
38 97
39 97
40 97
41 97
43 97
44 97
47 97
48 97
49 97
50 97
51 97
55 97
57 97
