5
98
96
84
30
12
87
58 99
41 99
64 99
78 99
70 31
42 24
90 31
18 3
56 37
15 24
11 65
90 65
51 61
0 18
16 61
90 71
63 71
54 49
13 27
18 27
40 25
7 70
26 50
63 50
79 92
40 80
85 44
18 41
14 41
62 95
55 95
85 46
58 18
97 92
47 11
46 97
38 92
60 92
5 39
94 39
45 74
32 74
29 74
62 28
70 28
8 77
68 77
4 77
44 8
68 45
44 51
83 70
53 70
91 69
63 56
58 38
78 69
33 87
91 5
33 80
35 32
10 32
64 32
34 3
43 3
2 51
52 25
83 14
1 19
83 53
22 73
52 78
57 78
10 15
62 2
23 78
59 29
11 15
91 45
67 38
22 1
86 64
34 17
56 45
57 19
97 8
33 72
