5
28
53
93
65
52
100
9 95
55 95
68 95
35 95
37 95
38 95
25 95
45 95
66 95
88 95
13 95
62 95
77 95
50 95
79 95
11 95
61 95
15 89
42 89
57 89
73 89
76 89
33 89
51 89
59 89
72 89
8 89
66 89
69 89
84 89
23 89
78 89
50 89
75 89
18 89
85 89
47 89
61 89
90 89
34 89
5 48
14 48
37 48
83 48
87 48
92 48
66 48
24 48
77 48
19 48
30 48
44 48
36 48
29 48
39 48
74 48
20 85
60 85
82 85
91 85
17 85
87 85
25 85
27 85
69 85
23 85
63 85
0 16
44 85
6 85
34 85
61 85
86 85
10 94
12 94
15 94
68 94
0 76
16 94
76 94
83 94
87 94
8 94
56 94
26 94
30 94
31 94
64 94
36 94
39 94
61 94
70 94
15 86
42 86
82 86
8 86
25 86
69 86
26 86
43 86
