5
89
12
98
40
81
92
7 99
57 64
84 82
19 56
93 56
35 56
76 56
74 56
95 56
27 35
91 44
69 44
49 44
13 42
67 42
45 76
41 48
88 48
62 48
67 48
6 29
21 29
43 29
80 32
46 58
14 15
21 15
25 15
70 45
31 45
86 45
55 45
50 53
30 53
13 53
1 63
80 63
0 36
28 63
47 63
23 62
6 33
8 33
57 33
19 39
36 66
20 51
22 94
0 37
0 3
46 85
0 22
57 85
97 85
1 4
37 85
20 80
49 10
6 10
92 3
1 22
9 7
14 18
22 18
22 19
6 19
31 22
92 50
36 50
87 50
34 50
26 84
55 84
92 46
36 46
93 46
72 46
88 59
11 17
61 17
34 73
87 72
13 28
55 70
24 93
30 4
1 77
49 96
92 14
1 5
1 2
8 67
