5
94
58
59
61
62
100
95 99
96 99
97 99
55 98
56 98
57 98
60 98
63 98
64 98
65 98
66 98
67 98
68 98
69 98
70 98
71 98
72 98
73 98
74 98
75 98
76 98
77 98
78 98
79 98
80 98
81 98
82 98
83 98
84 98
85 98
86 98
87 98
88 98
89 98
90 98
91 98
92 98
93 98
95 98
96 98
55 97
56 97
57 97
60 97
63 97
64 97
65 97
66 97
67 97
68 97
69 97
55 70
71 97
72 97
73 97
74 97
75 97
76 97
77 97
78 97
79 97
80 97
81 97
82 97
83 97
84 97
85 97
86 97
87 97
88 97
89 97
90 97
91 97
92 97
93 97
55 95
55 96
70 97
95 97
56 96
57 96
60 96
63 96
64 96
65 96
66 96
67 96
68 96
69 96
71 96
72 96
73 96
74 96
75 96
76 96
77 96
78 96
79 96
80 96
81 96
