5
2
5
44
20
76
100
15 79
59 79
64 79
0 1
0 15
8 79
0 14
0 16
0 32
0 54
0 17
0 21
0 40
0 61
0 64
0 70
0 76
10 79
59 40
13 79
67 79
28 79
48 79
59 8
59 19
16 58
59 25
59 29
59 42
59 50
59 60
59 72
78 58
66 58
21 58
74 34
47 58
74 50
52 58
38 58
39 58
27 58
74 7
74 35
74 36
74 69
74 71
74 55
74 63
74 66
74 78
74 14
6 17
54 70
6 61
6 49
6 31
6 30
6 60
6 16
6 46
42 21
34 70
13 70
42 7
42 10
3 70
42 67
42 9
73 70
42 66
42 75
42 65
64 70
22 70
4 17
24 70
27 70
37 70
52 70
53 70
4 7
4 65
4 56
4 36
4 45
4 46
4 3
4 9
4 30
4 75
4 39
16 10
31 23
51 23
17 23
16 48
69 23
16 45
16 28
