5
58
44
67
28
61
100
83 88
2 4
12 4
34 4
83 4
5 84
36 84
46 84
70 84
25 54
41 54
65 54
1 54
9 83
52 83
0 39
87 83
29 83
1 83
39 76
46 76
59 76
34 63
60 63
9 63
25 63
23 30
42 30
69 30
27 30
65 30
25 30
20 30
39 33
41 33
68 33
2 37
9 37
12 37
70 37
73 37
79 14
12 14
53 14
5 50
7 27
5 27
0 69
41 27
52 27
80 27
31 27
6 27
16 74
36 74
82 74
68 74
21 73
0 26
0 24
29 73
77 73
87 73
43 73
47 73
25 53
59 53
48 53
24 53
0 8
26 34
60 34
32 34
15 78
21 68
65 68
87 68
81 68
21 48
42 25
0 23
15 48
0 42
29 48
0 7
31 48
19 48
25 48
75 48
79 32
5 32
26 85
36 85
29 35
8 35
3 35
56 35
80 35
36 6
43 6
