5
52
1
56
62
46
100
0 93
8 93
17 93
35 93
41 93
43 93
46 93
57 93
65 93
70 93
0 11
2 93
4 93
12 93
18 93
20 93
26 93
29 93
32 93
50 93
51 93
53 93
67 93
75 93
77 93
81 93
86 93
87 93
89 93
14 92
17 92
24 92
35 92
40 92
57 92
61 92
70 92
90 92
11 92
50 92
53 92
79 92
81 92
91 92
9 92
15 92
27 92
73 92
77 92
86 92
12 92
29 92
58 92
69 92
75 92
6 92
82 92
87 92
13 92
32 92
8 49
17 49
24 49
35 49
36 49
42 49
48 49
57 49
61 49
70 49
71 49
76 49
78 49
80 49
83 49
85 49
90 49
11 49
18 49
53 49
59 49
79 49
81 49
91 49
5 49
9 49
10 49
67 49
77 49
12 49
37 49
39 49
17 74
23 74
36 74
41 74
43 74
48 74
0 54
61 74
