5
11
27
21
83
17
100
0 95
0 8
0 54
0 51
0 9
0 94
0 49
0 18
0 15
0 74
0 88
0 72
0 22
0 40
0 5
0 32
0 13
0 97
0 23
29 54
29 36
29 92
29 75
29 94
29 28
29 72
29 7
29 52
29 20
29 50
29 38
29 82
29 64
29 80
29 39
29 46
29 68
29 93
29 65
29 85
6 33
6 86
6 51
6 47
6 92
6 58
6 25
6 87
6 75
6 28
6 98
6 57
6 22
6 41
6 38
6 82
6 13
6 23
85 16
85 86
85 47
85 58
85 84
85 25
85 1
85 94
85 49
85 35
85 4
85 50
85 82
85 64
85 43
85 61
85 81
85 60
85 90
65 54
65 44
65 16
65 9
65 75
65 49
65 3
65 76
65 10
65 72
65 45
65 2
65 52
65 57
65 22
65 41
65 32
65 31
65 50
65 38
65 13
65 78
65 12
