5
13
14
15
9
10
100
0 1
49 53
50 53
51 53
45 52
46 52
47 52
41 48
42 48
43 48
44 48
49 48
50 48
45 51
46 51
41 47
42 47
43 47
44 47
49 47
45 50
41 46
42 46
43 46
44 46
41 45
42 45
43 45
37 44
38 44
39 44
33 40
34 40
35 40
36 40
41 40
42 40
37 43
38 43
33 39
34 39
35 39
36 39
41 39
37 42
33 38
34 38
35 38
36 38
33 37
34 37
35 37
29 36
30 36
31 36
25 32
26 32
27 32
28 32
33 32
34 32
29 35
30 35
25 31
26 31
27 31
28 31
33 31
29 34
25 30
26 30
27 30
28 30
25 29
26 29
27 29
21 28
22 28
23 28
17 24
18 24
19 24
20 24
25 24
26 24
21 27
22 27
17 23
18 23
19 23
20 23
25 23
21 26
17 22
18 22
19 22
20 22
17 21
18 21
19 21
