5
6
72
64
82
68
100
28 99
29 99
57 99
60 99
59 27
0 21
0 37
8 27
74 27
7 27
66 27
0 90
18 27
0 76
61 37
61 14
60 48
47 48
61 41
54 48
61 46
74 22
12 13
17 22
34 22
40 22
12 84
85 22
88 22
30 22
15 22
9 45
58 45
18 45
63 73
98 73
54 73
92 73
60 73
55 50
59 50
29 44
53 44
57 44
2 44
40 44
43 44
46 44
96 44
65 44
12 24
12 33
71 79
74 79
12 39
51 18
71 18
74 18
95 18
96 18
33 4
71 4
8 23
89 4
8 20
49 4
98 4
16 17
37 17
2 17
8 13
38 98
85 98
29 90
41 90
59 90
69 90
51 75
26 75
69 75
51 2
7 2
42 2
20 2
63 2
60 2
49 2
29 23
30 89
51 89
71 89
84 89
54 89
21 89
52 89
32 89
85 89
7 40
25 40
8 53
