5
91
87
88
77
78
100
0 1
90 99
92 99
93 99
2 11
94 99
95 99
96 99
97 99
81 98
82 98
83 98
84 98
85 98
86 98
71 89
72 89
73 89
74 89
75 89
76 89
79 89
80 89
90 89
92 89
93 89
94 89
95 89
96 89
81 97
82 97
83 97
84 97
85 97
71 86
72 86
73 86
74 86
75 86
76 86
79 86
80 86
90 86
92 86
93 86
94 86
95 86
81 96
82 96
83 96
84 96
71 85
72 85
73 85
74 85
75 85
76 85
79 85
80 85
90 85
92 85
93 85
94 85
81 95
82 95
83 95
71 84
72 84
73 84
74 84
75 84
76 84
79 84
80 84
90 84
92 84
93 84
81 94
82 94
71 83
72 83
73 83
74 83
75 83
76 83
79 83
80 83
90 83
92 83
81 93
71 82
72 82
73 82
74 82
75 82
76 82
79 82
80 82
90 82
71 81
