5
7
70
83
58
85
100
49 82
65 73
69 73
6 41
78 41
43 54
40 81
20 81
26 62
54 62
51 2
19 2
39 2
13 2
8 2
49 2
19 5
74 5
9 5
37 69
67 63
14 69
80 69
55 69
67 16
77 69
11 66
14 66
37 66
39 66
63 66
22 66
26 15
23 15
20 15
3 16
77 16
37 16
52 16
51 87
54 87
29 87
57 36
25 36
26 36
46 23
19 23
86 23
33 23
13 29
6 24
76 19
19 24
67 45
63 68
19 68
55 60
30 60
53 52
59 52
6 52
53 18
51 18
57 18
10 18
33 18
53 50
1 4
57 4
40 4
48 46
19 4
9 63
25 63
30 45
86 45
44 65
42 57
14 57
80 57
40 49
71 14
80 8
56 8
33 55
46 55
12 13
10 13
32 13
26 13
33 79
38 79
20 79
1 79
39 78
28 78
19 78
46 26
61 59
64 59
