5
4
42
53
32
37
100
0 89
66 89
56 89
73 65
18 65
0 66
33 65
9 65
68 88
23 88
71 88
67 88
50 88
36 6
24 6
30 6
29 6
69 6
77 6
83 6
71 12
83 12
20 62
10 62
40 26
47 62
58 62
84 62
70 62
34 62
3 62
24 26
10 26
64 26
51 26
49 63
68 63
48 63
78 47
76 47
27 83
28 83
35 83
78 83
60 83
25 11
82 11
85 11
43 11
61 11
36 50
44 50
52 50
58 50
60 50
0 28
0 78
0 80
0 85
0 25
0 27
56 2
54 2
76 2
52 2
1 2
55 2
10 14
84 14
0 35
5 14
0 73
0 82
0 86
40 19
75 14
40 71
40 81
40 30
78 1
78 20
43 52
78 58
78 57
78 31
78 55
56 35
56 38
67 45
67 3
67 8
67 22
67 64
57 73
57 60
18 52
57 70
57 38
57 13
16 27
