5
7
68
27
25
45
100
48 99
26 99
4 99
68 99
50 99
8 99
51 99
20 99
23 99
88 2
4 2
41 2
81 2
73 2
80 2
36 2
8 2
58 2
61 2
28 2
30 2
78 2
81 71
59 71
10 71
36 71
79 71
73 71
65 71
63 71
18 71
78 71
67 71
11 71
0 37
70 71
35 71
80 52
59 52
70 52
95 52
64 52
28 52
81 49
10 49
64 49
58 49
19 49
54 38
0 44
79 38
73 38
36 38
32 38
22 38
66 44
48 44
62 44
41 44
0 69
47 44
39 44
36 44
53 44
8 44
10 44
74 44
0 48
0 5
63 23
0 86
0 31
0 13
93 23
94 23
8 23
40 23
33 23
73 80
0 62
93 80
0 26
8 80
87 80
48 80
90 80
57 35
0 66
50 35
18 35
81 35
1 35
67 35
37 35
57 3
73 3
0 96
56 3
0 54
36 3
