5
51
52
22
61
48
100
59 99
88 99
83 99
87 99
40 99
98 99
80 85
69 85
1 45
87 45
14 45
27 97
55 97
88 97
0 64
0 16
9 97
68 97
84 97
83 97
74 46
40 46
50 46
69 57
98 57
4 57
0 32
35 37
44 37
43 76
9 37
62 37
11 79
58 79
55 79
53 79
89 79
23 79
0 43
67 79
94 79
0 74
71 60
66 60
16 60
23 60
95 60
0 63
0 10
0 30
0 59
0 6
0 54
12 62
29 71
29 90
29 66
29 15
29 12
29 3
96 4
96 94
96 31
96 69
81 62
81 59
81 88
86 72
86 63
86 59
86 19
86 91
98 18
98 2
98 47
98 89
98 42
3 71
3 55
3 88
38 27
38 36
3 9
3 70
38 10
38 55
38 93
38 56
7 40
78 94
78 82
34 63
34 16
34 2
34 7
31 72
31 71
31 7
31 42
53 54
