5
19
10
23
43
96
100
0 99
65 99
41 99
80 99
26 99
3 99
30 99
68 99
0 85
7 99
2 99
36 99
87 99
17 99
79 99
52 99
77 99
54 99
38 99
21 99
58 99
4 99
6 99
20 99
31 99
37 99
44 99
51 99
53 99
67 99
74 99
83 99
0 86
89 99
29 99
71 99
0 55
85 99
12 99
33 99
35 99
48 99
57 99
86 99
90 99
93 99
88 99
45 55
18 55
41 55
81 55
40 55
47 55
26 55
3 55
0 42
14 55
5 55
32 55
49 55
72 55
13 55
68 55
63 55
34 55
98 55
7 55
95 55
2 55
59 55
36 55
84 55
75 55
17 55
52 55
28 55
77 55
21 55
50 55
58 55
20 55
9 55
44 55
16 55
37 55
51 55
74 55
69 55
0 1
64 55
67 55
31 55
71 55
4 55
6 55
53 55
60 55
89 55
42 55
85 55
