5
19
23
26
6
5
100
0 59
0 35
0 52
0 44
0 47
0 31
0 43
0 40
0 7
0 29
0 49
0 27
0 33
0 48
0 32
0 9
0 38
0 21
0 51
0 28
0 50
0 14
0 16
0 54
0 4
0 15
0 8
0 42
0 45
0 3
0 36
0 55
0 30
0 12
0 37
0 39
0 41
0 24
0 18
0 22
0 2
0 13
0 56
0 34
0 17
0 46
0 58
35 59
52 59
44 59
25 59
47 59
31 59
43 59
40 59
7 59
29 59
49 59
27 59
33 59
48 59
32 59
53 59
9 59
10 59
38 59
20 21
51 59
28 59
50 59
14 59
16 59
54 59
1 59
4 59
15 59
8 59
42 59
45 59
3 59
36 59
55 59
30 59
12 59
37 59
39 59
41 59
24 59
18 59
22 59
2 59
57 59
11 59
13 59
56 59
34 59
17 59
35 21
54 21
46 21
