5
8
12
65
83
18
100
57 99
67 99
4 99
43 99
49 6
26 6
97 6
36 6
53 6
31 6
9 6
50 6
0 77
52 68
2 68
3 68
15 68
21 68
24 68
37 68
0 1
85 68
93 23
63 23
61 23
17 23
85 23
46 23
70 23
0 98
0 67
89 23
80 90
36 90
0 60
0 57
21 90
73 90
46 90
91 90
17 90
53 90
56 30
24 75
94 75
48 75
67 75
21 58
27 58
47 58
87 58
64 58
52 58
4 36
80 36
87 36
76 36
43 85
84 85
37 85
9 85
61 85
19 85
3 63
35 63
9 63
17 63
66 63
87 63
55 63
40 63
28 51
31 51
27 51
56 77
26 51
34 51
74 51
35 51
64 51
43 39
56 44
22 39
71 39
74 39
48 39
1 32
71 32
14 32
56 20
56 54
56 42
40 32
62 32
95 32
94 32
19 32
61 76
81 76
71 76
