5
43
47
87
70
16
100
46 99
28 99
0 24
88 99
66 99
16 99
97 99
0 9
6 99
20 99
49 99
80 99
42 99
69 92
0 50
0 35
2 92
83 92
88 92
26 92
34 92
78 92
48 92
85 92
0 94
32 92
21 92
6 92
63 92
60 92
9 92
98 92
0 57
27 84
37 84
29 84
78 84
97 84
56 84
36 84
53 84
90 84
60 84
40 84
49 84
34 42
58 42
78 42
0 61
23 42
68 42
65 42
59 42
11 42
91 10
18 10
34 10
52 10
0 96
0 46
69 10
7 10
0 75
40 10
33 10
83 10
86 10
67 10
89 10
27 10
64 10
79 10
74 14
22 39
96 39
78 39
0 28
14 39
5 39
71 39
38 39
0 74
0 95
68 39
79 39
40 64
24 64
33 64
18 64
25 64
62 64
75 64
55 64
2 64
0 81
23 64
88 64
27 64
45 64
4 14
