5
19
23
4
9
38
100
0 4
0 16
0 23
0 45
0 47
0 69
0 71
0 6
0 10
0 15
0 17
0 20
0 28
0 40
0 46
0 51
0 57
0 65
0 68
0 75
0 82
0 84
0 95
79 6
79 57
79 75
79 1
79 7
79 13
79 22
47 97
18 97
24 97
32 97
42 97
86 97
2 97
5 97
30 97
36 97
79 27
79 33
79 35
79 41
79 44
79 50
79 67
79 72
69 97
79 74
79 80
79 85
79 91
79 95
16 97
49 97
87 97
45 97
71 97
62 97
25 97
56 97
59 97
90 97
3 97
14 97
58 97
61 97
76 97
68 81
7 81
31 81
49 81
33 81
22 81
26 81
6 81
17 81
45 81
69 81
71 81
95 81
18 81
42 81
96 20
48 81
86 81
11 81
43 81
56 81
59 81
90 81
35 81
14 81
76 81
64 60
7 60
33 60
30 60
34 60
