5
28
31
39
44
48
100
0 99
0 1
0 2
0 3
0 6
0 7
0 8
0 9
0 11
0 12
0 13
0 14
0 15
0 17
0 18
0 19
0 21
0 22
0 23
0 25
0 26
0 27
0 29
0 30
0 32
0 33
0 34
0 35
0 36
0 37
0 40
0 41
0 42
0 43
0 45
0 46
0 49
0 50
0 52
0 54
0 55
0 56
0 57
0 58
0 59
0 60
0 62
0 63
0 64
65 99
0 67
0 68
0 69
0 70
0 71
0 72
0 73
0 75
0 77
0 78
0 81
0 82
0 83
0 84
0 85
0 88
0 89
0 91
0 92
0 93
0 94
0 96
0 97
0 98
0 10
0 16
0 47
0 65
0 66
0 74
0 76
0 79
0 86
1 99
2 99
3 99
6 99
7 99
8 99
9 99
11 99
12 99
13 99
14 99
15 99
17 99
18 99
19 99
22 99
23 99
