5
28
41
57
98
55
100
0 99
17 99
42 99
60 99
81 99
23 99
45 99
53 99
35 99
22 99
37 99
66 99
11 99
84 99
0 33
9 99
52 99
86 99
65 99
16 99
79 99
31 99
82 99
18 99
51 99
80 99
0 61
58 99
14 99
74 99
0 75
21 99
8 99
63 99
29 99
0 38
44 99
92 99
2 99
30 99
88 99
97 99
77 99
94 99
89 99
93 99
96 99
33 99
49 99
85 99
56 99
61 99
39 99
59 19
15 19
17 19
42 19
6 19
13 19
60 19
95 19
45 19
70 19
53 19
40 19
35 19
84 19
72 19
43 19
9 19
52 19
86 19
36 19
31 19
82 19
51 19
58 19
32 19
74 19
8 19
63 19
44 19
2 19
64 19
88 19
62 19
4 19
38 19
7 19
48 19
68 19
26 19
49 19
56 19
61 19
59 46
17 46
42 46
60 46
45 46
