5
97
50
89
93
88
100
95 99
98 99
0 4
53 96
67 96
95 96
45 96
98 96
0 3
18 96
56 96
4 96
84 96
25 96
77 96
90 96
94 96
15 96
16 96
51 96
72 96
76 96
5 96
49 96
14 96
82 96
64 96
42 96
58 96
73 96
17 96
74 96
38 96
32 96
40 54
67 54
75 54
81 54
86 54
0 2
56 54
65 54
83 54
5 54
71 54
55 54
60 54
90 54
92 54
94 54
84 54
32 54
66 54
14 54
98 54
59 54
72 54
1 67
91 54
41 54
33 54
30 54
9 54
35 54
1 70
1 95
34 54
82 54
64 54
95 57
49 57
90 57
92 57
66 57
59 57
70 57
63 57
85 57
22 57
64 57
11 57
65 37
79 37
83 37
49 37
67 37
90 37
92 37
8 37
21 37
98 37
1 86
64 37
20 37
58 37
36 37
7 45
9 37
56 26
65 26
