5
66
87
9
26
2
100
7 99
65 99
30 99
88 99
15 99
0 5
35 36
22 36
23 36
0 14
60 36
51 36
37 36
6 36
0 68
22 90
57 90
38 90
69 90
0 11
0 17
43 90
84 90
34 90
48 90
60 90
15 90
75 90
0 59
79 49
30 49
0 58
68 49
0 89
29 49
45 38
72 49
98 39
0 42
45 35
47 39
78 39
0 25
38 39
58 39
33 39
45 77
56 39
92 39
8 39
72 39
30 39
45 32
4 86
55 86
45 65
71 86
45 81
11 86
16 86
45 10
72 86
88 86
94 86
44 17
97 17
7 17
45 22
45 57
67 17
34 17
52 17
50 17
19 38
96 17
31 17
95 17
19 44
42 30
37 64
8 30
20 30
75 30
62 30
96 30
41 30
82 30
64 30
10 38
84 38
29 38
72 38
71 38
89 55
60 55
22 55
48 55
80 55
77 73
76 73
