5
4
23
64
34
42
100
6 99
80 99
30 99
44 99
17 99
51 99
79 99
71 99
76 99
46 21
51 21
79 21
35 21
54 21
67 21
11 21
39 21
65 21
90 21
24 87
12 87
35 87
33 87
59 87
92 87
9 8
52 8
86 8
27 8
71 8
97 8
11 8
39 8
59 8
16 61
80 61
81 61
24 61
51 61
75 61
15 61
97 61
10 61
26 61
36 61
80 83
98 83
70 83
75 83
15 83
27 83
94 83
26 83
33 83
17 60
3 60
32 60
0 14
26 60
27 60
45 60
0 48
54 60
59 60
0 62
85 60
86 60
93 90
24 90
78 90
32 90
27 90
68 90
94 90
97 90
22 33
89 33
38 33
98 33
32 33
53 33
0 6
68 33
73 33
77 33
47 33
85 33
58 33
14 79
19 79
30 79
3 79
9 79
0 22
75 79
5 79
11 79
27 79
47 79
50 79
