5
26
29
8
92
58
100
4 98
13 98
19 98
21 98
50 98
53 98
54 98
57 98
69 98
10 98
31 98
36 98
45 98
47 98
59 98
63 98
65 98
97 98
2 98
3 98
22 98
44 98
82 98
11 98
12 98
17 98
39 98
60 98
71 98
81 98
4 89
6 89
27 89
0 49
56 89
68 89
69 89
75 89
80 89
84 89
95 89
49 89
31 89
45 89
37 89
42 89
46 89
82 89
23 89
39 89
71 89
78 89
30 89
38 89
19 90
20 90
21 90
54 90
57 90
67 90
70 90
72 90
73 90
80 90
5 90
15 90
36 90
45 90
65 90
66 90
32 90
40 90
42 90
46 90
82 90
25 90
71 90
16 90
14 38
19 38
20 38
21 38
27 38
35 38
48 38
57 38
64 38
67 38
70 38
72 38
73 38
84 38
91 38
49 38
33 38
36 38
41 38
43 38
59 38
79 38
