5
1
2
7
11
17
100
0 99
0 20
0 21
0 28
0 29
0 34
0 36
38 99
0 39
0 40
0 41
0 42
0 43
0 48
0 57
0 59
0 62
0 65
0 67
0 72
0 77
0 84
0 85
0 87
0 88
0 89
0 91
0 96
0 6
0 8
0 10
0 12
0 16
0 18
0 19
0 22
0 24
0 25
0 27
0 31
0 35
0 37
0 38
0 44
0 55
0 66
0 69
0 76
0 82
0 83
21 99
28 99
29 99
39 99
40 99
42 99
48 99
57 99
59 99
67 99
77 99
87 99
88 99
89 99
96 99
15 99
26 99
30 99
45 99
46 99
51 99
54 99
56 99
60 99
63 99
64 99
71 99
78 99
79 99
94 99
98 99
20 99
34 99
36 99
41 99
43 99
62 99
65 99
72 99
84 99
85 99
91 99
3 99
5 99
9 99
32 99
49 99
53 99
61 99
73 99
