0
98
0 99
43 45
36 38
81 83
62 64
57 59
68 70
54 56
53 55
56 58
38 40
37 39
78 80
77 79
3 5
0 2
4 5
35 37
20 22
19 21
18 20
30 32
50 52
47 49
51 52
53 54
46 48
45 47
44 46
32 34
31 33
29 31
76 78
73 75
72 74
71 73
26 28
21 23
95 97
94 96
93 95
92 94
91 93
90 92
89 91
88 90
87 89
86 88
85 87
84 86
83 85
82 84
96 97
80 82
79 81
75 77
74 76
70 72
69 71
67 69
66 68
65 67
64 66
63 65
61 63
60 62
59 61
58 60
55 57
49 51
48 50
42 44
41 43
40 42
39 41
34 36
33 35
28 30
27 29
25 27
24 26
23 25
22 24
17 19
16 18
15 17
14 16
13 15
6 8
12 14
7 9
6 7
11 13
8 10
10 12
9 11
2 4
1 3
