5
41
42
57
88
77
100
79 99
70 99
13 99
0 35
0 72
0 26
42 53
83 54
83 11
75 53
48 68
19 54
70 53
7 53
96 68
73 6
93 6
74 6
92 6
70 6
35 72
93 72
19 15
22 72
15 9
47 9
33 54
36 54
28 54
61 52
44 52
21 47
66 47
58 47
93 55
13 55
7 55
14 55
30 29
46 29
32 18
98 25
27 91
96 91
78 49
66 49
38 49
44 85
5 40
62 85
87 85
40 3
5 81
89 35
8 35
50 35
95 74
4 81
20 81
34 81
46 8
94 60
5 11
30 87
5 4
73 87
69 87
76 93
79 87
62 87
34 2
89 2
92 44
19 56
78 44
84 44
11 26
48 32
80 56
19 39
76 15
28 82
10 56
61 56
66 56
66 30
33 73
28 96
61 73
62 58
62 37
61 50
65 1
64 50
62 82
1 33
38 94
38 84
37 33
39 33
