5
5
8
11
14
15
100
0 10
0 12
0 16
17 54
0 18
0 19
0 20
0 21
0 22
0 23
0 25
0 33
0 34
0 35
0 36
0 40
0 42
0 43
0 44
0 45
0 46
0 47
0 48
0 49
0 7
0 9
0 13
0 17
0 24
0 39
12 54
16 54
18 54
19 54
20 54
21 54
22 54
23 54
25 54
33 54
35 54
36 54
40 54
42 54
41 43
44 54
45 54
46 54
47 54
48 54
49 54
41 26
27 54
29 54
32 54
38 54
50 54
10 54
34 54
43 54
1 54
6 54
26 54
30 54
51 54
52 54
53 54
7 2
9 2
12 2
13 2
16 2
18 2
33 2
35 2
36 2
39 2
46 2
47 2
48 2
49 2
27 2
28 2
29 2
32 2
37 2
38 2
50 2
3 2
4 2
10 2
17 2
34 2
6 2
30 2
31 2
51 2
52 2
12 53
16 53
