5
67
86
64
10
20
100
0 99
47 99
45 99
76 99
25 99
72 99
1 99
9 99
15 99
38 99
17 99
32 99
90 99
63 99
69 99
52 99
27 99
89 99
11 99
12 99
21 99
28 99
33 99
31 99
77 99
8 99
37 99
4 99
5 99
13 99
14 99
18 99
19 99
26 99
30 99
44 99
53 99
55 99
57 99
58 99
66 99
68 99
73 99
74 99
0 79
82 99
83 99
84 99
91 99
62 79
76 79
56 79
25 79
94 79
88 79
1 79
9 79
48 79
61 79
0 17
69 79
78 79
89 79
12 79
50 79
22 79
21 79
28 79
31 79
80 79
0 77
8 79
97 79
37 79
2 79
58 79
14 79
3 79
42 79
41 79
87 79
65 79
5 79
82 79
18 79
24 79
44 79
49 79
57 79
60 79
70 79
98 79
91 79
92 79
83 79
17 79
47 77
45 77
76 77
56 77
