5
7
20
18
9
21
100
49 51
13 51
42 51
5 51
40 51
22 51
50 51
10 51
16 51
28 51
29 51
31 51
33 51
35 51
38 51
44 51
3 51
32 51
1 51
25 51
41 39
24 39
27 39
49 39
13 39
2 39
6 39
5 39
40 39
22 39
50 39
23 39
45 39
28 39
29 39
0 30
3 39
37 39
38 39
11 39
16 39
33 39
8 39
10 39
31 39
32 39
35 39
12 39
44 39
1 39
36 39
30 39
25 39
14 39
34 39
15 39
24 26
27 26
49 26
13 26
42 26
2 26
6 26
5 26
40 26
22 26
23 26
45 26
28 26
29 26
3 26
37 26
38 26
11 26
16 26
33 26
32 26
44 26
31 26
10 26
12 26
19 26
35 26
1 26
36 26
30 26
48 26
25 26
14 26
17 26
34 26
43 26
41 15
24 15
27 15
49 15
0 13
0 42
6 15
5 15
