5
11
39
79
17
49
100
10 97
14 97
16 97
52 97
64 97
68 97
92 97
5 97
19 97
63 97
3 97
12 97
48 97
53 97
71 97
80 97
83 97
84 97
30 97
47 97
55 97
56 97
70 97
8 81
10 81
21 81
24 81
25 81
27 81
37 81
54 81
68 81
76 81
92 81
93 81
63 81
85 81
4 81
66 81
83 81
91 81
47 81
60 81
6 81
44 81
55 81
67 81
70 81
73 81
77 81
0 20
0 27
0 28
0 42
0 52
0 75
0 76
92 94
0 8
0 9
0 10
0 14
0 16
0 21
0 22
0 24
0 25
0 26
0 31
0 37
0 38
4 94
0 43
0 45
0 51
0 54
0 59
0 64
0 68
0 87
0 92
20 94
93 28
42 94
89 94
65 94
7 94
30 94
56 94
72 94
90 94
27 94
28 94
52 94
75 94
76 94
13 94
19 94
57 94
78 94
