0
100
0 42
11 23
11 75
1 99
62 99
38 52
11 18
40 38
39 99
15 99
63 99
33 34
48 99
4 86
84 86
1 37
33 88
74 86
60 46
5 46
27 67
53 30
1 54
35 75
62 13
80 13
95 13
57 13
72 96
64 81
71 81
53 81
12 81
17 58
27 26
9 14
16 97
24 55
6 8
36 58
41 58
6 67
37 12
43 23
93 23
77 48
22 66
8 66
56 25
17 84
4 3
34 3
92 3
43 3
68 90
15 42
83 42
28 69
78 70
93 54
34 92
21 70
10 94
91 64
10 26
36 55
39 79
97 15
39 4
44 55
37 55
64 5
5 55
63 82
53 45
80 19
60 72
93 72
8 68
73 72
71 94
29 2
44 49
98 49
14 45
43 32
38 28
80 32
25 65
14 65
62 31
73 31
15 50
71 87
44 51
60 79
25 51
50 61
36 87
89 34
