5
40
53
21
55
93
100
2 99
35 99
42 49
39 49
26 49
0 95
38 7
0 85
57 7
0 4
0 14
62 9
0 3
0 32
67 91
88 91
48 22
31 91
46 91
25 91
89 4
16 4
48 68
3 4
12 42
58 42
60 42
78 42
73 62
14 90
38 90
58 90
64 90
76 90
77 6
72 6
44 6
36 11
13 11
10 30
73 97
73 68
13 30
20 30
43 30
35 87
51 62
89 62
65 22
60 22
92 22
31 67
16 87
66 67
95 67
8 67
16 76
12 81
13 72
78 72
17 72
28 47
88 47
2 50
16 54
65 50
16 77
80 54
29 50
64 15
16 12
85 54
16 38
28 33
28 45
25 54
19 54
28 83
71 54
39 81
46 76
94 76
77 2
70 31
39 75
78 76
45 31
94 78
94 69
86 41
20 41
10 2
98 14
89 14
70 14
19 14
80 65
36 84
86 84
59 8
