5
4
7
9
14
31
100
45 99
59 99
0 60
70 99
80 99
87 99
92 99
97 99
60 99
11 99
12 99
30 99
37 99
38 99
42 99
49 99
55 99
64 99
67 99
75 99
77 99
86 99
88 99
44 99
74 99
93 99
94 99
10 99
78 99
35 99
26 32
33 32
39 32
41 32
79 32
84 32
85 32
87 32
97 32
60 32
11 32
12 32
20 32
29 32
30 32
37 32
40 32
47 32
49 32
61 32
64 32
67 32
69 32
77 32
86 32
58 32
0 50
81 32
89 32
18 32
34 32
66 32
17 32
5 83
33 83
41 83
54 83
63 83
68 83
70 83
73 83
79 83
97 83
12 83
18 83
23 83
24 83
29 83
37 83
38 83
40 83
47 83
51 83
55 83
61 83
0 26
62 83
64 83
67 83
75 83
86 83
88 83
16 83
27 83
57 83
71 83
91 83
10 83
28 83
78 83
