1
53
100
50 51
0 49
1 49
2 49
3 49
4 49
6 49
7 49
8 49
9 49
10 49
11 49
12 49
13 49
14 49
15 49
16 49
17 49
18 49
19 49
20 49
21 49
22 49
23 49
24 49
25 49
26 49
27 49
28 49
29 49
30 49
31 49
32 49
33 49
34 49
35 49
36 49
37 49
38 49
39 49
40 49
41 49
42 49
43 49
44 49
45 49
46 49
47 49
0 48
1 48
2 48
3 48
4 48
5 48
6 48
7 48
8 48
9 48
10 48
11 48
12 48
13 48
14 48
15 48
16 48
17 48
18 48
19 48
20 48
21 48
22 48
23 48
24 48
25 48
26 48
27 48
0 28
29 48
30 48
31 48
32 48
33 48
34 48
35 48
36 48
37 48
0 38
39 48
40 48
41 48
42 48
43 48
44 48
45 48
46 48
47 48
28 48
1 38
2 38
3 38
