5
17
63
6
49
60
100
37 99
33 99
16 99
81 99
23 99
74 99
77 99
82 99
47 99
45 99
7 99
32 99
97 99
56 99
48 99
22 99
43 99
76 99
19 99
55 99
89 99
30 99
80 99
34 99
24 99
98 99
36 99
78 99
39 99
95 99
21 99
65 99
52 99
79 99
57 99
1 99
20 99
90 99
26 99
87 99
96 99
94 99
15 99
84 99
86 99
5 99
54 99
72 99
51 99
50 99
71 99
18 99
3 99
4 99
8 99
9 99
13 99
14 99
25 99
27 99
28 99
40 99
46 99
64 99
67 99
69 99
85 99
70 92
37 92
16 92
81 92
23 92
59 92
74 92
42 92
47 92
91 92
45 92
7 92
32 92
11 92
44 92
97 92
56 92
48 92
88 92
0 43
83 92
76 92
19 92
73 92
55 92
89 92
62 92
30 92
80 92
34 92
53 92
24 92
98 92
