5
12
28
36
49
51
100
0 99
1 99
2 99
4 99
6 99
22 99
26 99
27 99
29 99
35 99
37 99
38 99
52 99
56 99
58 99
60 99
62 99
65 99
66 99
71 99
73 99
75 99
78 99
82 99
86 99
89 99
91 99
93 99
3 99
5 99
13 99
25 99
44 99
74 99
24 99
46 99
61 99
68 99
0 69
95 99
7 99
10 99
15 99
23 99
33 99
40 99
42 99
50 99
55 99
76 99
77 99
83 99
88 99
90 99
97 99
8 99
11 99
18 99
20 99
57 99
69 99
1 96
2 96
6 96
0 17
0 26
27 96
29 96
30 96
31 96
37 96
38 96
48 96
52 96
56 96
58 96
60 96
62 96
64 96
66 96
67 96
70 96
71 96
73 96
75 96
79 96
80 96
82 96
87 96
0 89
91 96
92 96
3 96
9 96
14 96
24 96
0 44
46 96
61 96
68 96
