5
11
2
21
41
35
100
98 99
88 89
79 89
30 31
0 10
40 50
31 32
97 98
84 85
87 88
78 88
97 88
78 79
22 23
22 32
22 13
12 13
68 69
59 69
77 78
68 78
86 87
77 87
96 87
63 73
95 96
85 86
76 86
95 86
76 77
67 77
67 68
58 68
58 59
48 49
39 49
3 4
13 14
13 23
57 58
48 58
57 67
66 67
75 76
66 76
75 85
94 85
84 94
83 93
84 93
82 92
83 92
81 91
14 23
82 91
80 90
71 81
72 81
80 81
62 72
72 82
73 82
73 83
74 83
74 84
65 75
74 75
4 5
56 66
65 66
16 17
56 57
47 57
47 48
38 48
38 39
28 29
19 29
37 38
28 38
37 47
26 36
46 47
55 56
46 56
64 65
55 65
64 74
64 73
53 63
14 24
15 24
15 25
16 25
16 26
7 17
8 17
8 18
9 18
16 7
