5
11
66
62
45
69
100
30 35
0 1
50 56
2 1
2 3
4 1
4 5
4 6
3 1
5 8
12 13
6 8
5 7
64 67
63 65
9 8
10 8
1 7
6 7
9 7
5 10
5 6
5 9
43 46
44 46
6 10
47 46
65 67
67 71
58 64
58 63
90 96
92 96
93 96
94 96
90 95
92 95
93 95
90 94
91 94
92 94
90 93
91 93
87 92
90 92
87 91
87 90
85 89
87 89
85 88
86 88
85 87
48 50
48 51
48 46
49 50
49 51
46 50
46 51
52 53
52 56
52 50
52 51
52 54
39 43
41 43
42 43
12 15
12 16
12 17
14 13
14 15
67 73
67 70
72 71
72 73
72 74
72 75
70 71
70 73
70 74
53 59
55 56
56 59
58 59
60 59
56 61
58 61
56 60
53 58
55 57
55 53
53 56
57 58
55 50
54 53
50 53
81 86
83 86
80 84
