5
3
4
5
6
7
100
10 99
11 99
13 99
15 99
16 99
17 99
19 99
22 99
23 99
25 99
28 99
29 99
30 99
31 99
32 99
33 99
35 99
36 99
37 99
41 99
42 99
43 99
46 99
47 99
55 99
56 99
57 99
62 99
66 99
69 99
70 99
72 99
74 99
75 99
82 99
89 99
90 99
91 99
92 99
93 99
96 99
97 99
98 99
1 99
14 99
24 99
26 99
45 99
50 99
51 99
53 99
59 99
67 99
68 99
76 99
80 99
81 99
83 99
84 99
85 99
2 99
49 99
11 63
12 63
13 63
15 63
16 63
17 63
19 63
20 63
22 63
23 63
25 63
27 63
29 63
30 63
32 63
33 63
35 63
36 63
37 63
39 63
40 63
41 63
42 63
43 63
46 63
0 48
52 63
56 63
57 63
58 63
60 63
64 63
65 63
66 63
69 63
70 63
72 63
73 63
