5
89
51
72
42
93
97
15 99
26 99
38 99
80 99
35 99
73 99
96 99
44 99
23 97
80 36
0 81
34 98
61 98
43 98
0 87
88 5
0 17
9 5
66 78
57 41
53 62
28 62
70 62
83 62
78 62
54 32
50 32
90 73
66 91
18 60
88 60
16 60
44 23
21 23
52 23
84 75
43 75
19 75
85 13
64 13
18 13
44 37
35 37
91 37
25 24
77 24
49 33
88 82
68 82
53 52
18 52
7 58
46 58
49 58
65 39
68 69
31 69
10 40
66 15
90 43
12 79
64 76
88 31
6 31
39 22
1 38
85 68
85 88
29 88
19 88
26 81
92 11
64 11
84 11
56 34
95 4
19 4
47 57
46 74
55 30
25 57
47 83
90 64
48 81
29 9
87 30
38 56
38 3
8 30
38 70
63 56
39 90
29 63
27 20
12 20
74 70
2 30
