5
4
5
13
18
21
100
0 99
1 99
2 99
3 99
7 99
10 99
12 99
14 99
15 99
16 99
17 99
28 99
30 99
33 99
35 99
36 99
37 99
38 99
40 99
41 99
43 99
45 99
46 99
47 99
48 99
49 99
53 99
54 99
55 99
56 99
57 99
59 99
61 99
62 99
63 99
65 99
67 99
68 99
69 99
71 99
72 99
73 99
74 99
76 99
78 99
79 99
80 99
81 99
82 99
83 99
84 99
86 99
87 99
88 99
89 99
90 99
91 99
92 99
94 99
6 99
8 99
9 99
20 99
29 99
31 99
32 99
39 99
42 99
44 99
58 99
64 99
75 99
2 96
3 96
7 96
10 96
14 96
17 96
23 96
24 96
25 96
26 96
27 96
28 96
30 96
33 96
36 96
37 96
38 96
40 96
43 96
0 45
46 96
47 96
0 48
50 96
53 96
54 96
55 96
63 96
