5
53
23
64
81
72
100
0 82
1 82
21 82
78 82
74 82
13 82
7 82
29 82
38 82
44 82
50 82
54 82
56 82
41 82
16 82
80 82
24 82
57 75
71 75
33 75
74 75
76 75
78 75
31 75
2 75
18 75
17 75
54 75
6 75
16 75
20 75
22 75
29 75
44 75
49 75
52 75
55 75
56 75
36 59
31 59
33 59
0 61
76 59
3 59
50 59
11 59
22 59
8 59
4 59
14 59
29 59
52 59
58 59
60 59
32 59
55 59
26 59
20 59
61 59
62 59
21 63
36 63
0 37
69 63
31 63
33 63
18 63
17 63
28 63
6 63
50 63
11 63
48 63
37 63
0 47
77 63
58 63
62 63
0 78
49 63
39 63
52 63
67 63
9 63
80 63
20 63
55 63
57 29
68 29
69 29
33 29
76 29
7 29
28 29
47 29
30 29
12 29
37 29
4 29
58 29
