5
98
31
90
59
48
100
0 99
91 99
0 29
2 99
63 99
41 99
23 99
75 99
76 99
79 99
70 99
7 10
63 10
41 10
83 10
25 10
16 10
71 10
76 10
79 10
69 10
58 10
2 38
84 38
51 38
55 38
28 38
81 38
14 26
84 26
39 26
55 26
54 67
57 67
40 67
5 67
11 67
80 67
36 67
44 67
56 67
75 67
58 67
63 64
13 64
77 64
69 64
84 64
30 64
76 64
62 64
44 64
65 56
57 56
53 56
13 56
80 56
61 56
84 56
74 39
19 39
57 39
86 39
0 96
42 39
5 39
51 39
50 39
80 39
76 39
1 78
13 78
33 78
58 78
62 78
83 78
21 78
24 78
43 78
96 78
89 78
4 75
91 75
40 75
7 75
97 75
21 75
84 75
32 75
76 75
47 75
70 75
20 82
74 82
65 82
19 82
87 82
49 82
35 82
20 55
