5
52
78
73
92
21
87
0 21
88 50
50 99
49 63
6 25
18 25
10 58
87 58
86 58
24 77
5 77
39 77
38 96
88 96
8 96
40 57
32 26
47 39
36 39
38 60
89 60
71 94
22 61
75 94
16 94
85 61
90 61
69 61
67 15
95 15
40 15
33 15
38 3
62 20
83 20
62 3
23 49
97 9
88 90
42 55
54 90
55 90
40 28
55 28
24 75
23 75
86 75
62 16
98 16
14 16
22 97
0 76
37 35
97 79
17 18
50 55
91 95
80 95
44 40
32 56
10 56
5 56
12 19
86 98
12 98
45 98
37 84
0 46
76 87
17 81
7 46
17 46
41 97
0 30
22 32
11 8
93 45
97 45
11 31
7 88
76 11
97 12
71 93
24 93
64 32
7 32
38 17
