5
50
69
71
76
93
100
0 99
2 99
11 99
16 99
22 99
23 99
24 99
37 99
39 99
0 52
59 99
61 99
68 99
0 73
83 99
87 99
88 99
91 99
98 99
52 99
73 99
4 99
7 99
12 99
15 99
17 99
19 99
21 99
25 99
28 99
29 99
34 99
38 99
43 99
44 99
55 99
62 99
65 99
66 99
67 99
70 99
72 99
77 99
78 99
86 99
2 92
3 92
6 92
9 92
11 92
22 92
27 92
41 92
45 92
47 92
49 92
54 92
57 92
60 92
61 92
0 74
83 92
84 92
85 92
89 92
91 92
96 92
52 92
73 92
74 92
7 92
17 92
26 92
29 92
34 92
40 92
46 92
48 92
51 92
65 92
70 92
72 92
94 92
4 92
44 92
58 92
67 92
77 92
15 92
43 92
62 92
11 97
16 97
23 97
35 97
37 97
45 97
47 97
53 97
0 54
