5
31
49
52
70
8
100
1 80
2 80
3 80
4 80
5 80
6 80
7 80
9 80
11 80
12 80
13 80
14 80
15 80
17 80
19 80
20 80
21 80
22 80
23 80
24 80
25 80
27 80
29 80
30 80
32 80
33 80
34 80
35 80
36 80
42 80
43 80
44 80
45 80
46 80
48 80
51 80
53 80
54 80
55 80
56 80
58 80
59 80
62 80
63 80
64 80
65 80
66 80
68 80
69 80
73 80
74 80
76 80
77 80
0 78
78 80
18 80
26 80
28 80
37 80
41 80
50 80
57 80
60 80
61 80
71 80
1 79
2 79
3 79
4 79
5 79
6 79
0 7
9 79
10 79
11 79
12 79
13 79
14 79
15 79
16 79
17 79
19 79
20 79
21 79
22 79
23 79
24 79
25 79
27 79
30 79
32 79
33 79
35 79
36 79
38 79
39 79
40 79
42 79
43 79
44 79
