5
60
66
48
28
5
100
0 99
51 99
55 99
57 99
70 99
71 99
74 99
75 99
90 99
20 99
58 99
6 99
22 99
23 99
24 99
38 99
56 99
63 99
69 99
93 99
95 99
30 99
47 99
61 99
82 99
29 98
31 98
70 98
72 98
92 98
20 98
87 98
56 98
77 98
41 98
89 98
27 98
39 98
52 98
73 98
84 98
96 98
40 98
43 98
45 98
26 98
17 98
42 98
47 98
31 78
36 78
53 78
57 78
74 78
85 78
75 78
81 78
54 78
0 49
90 78
11 78
0 31
61 78
77 78
93 78
83 78
27 78
30 78
44 78
63 78
73 78
91 78
40 78
79 78
26 78
17 78
32 78
33 78
67 78
24 78
23 78
37 78
51 49
53 49
55 49
76 49
20 49
75 49
18 49
87 49
50 49
19 49
90 49
8 49
13 49
22 49
61 49
89 49
44 49
59 49
