5
87
67
74
78
64
100
0 1
51 99
97 98
17 98
72 73
50 73
39 77
97 77
27 77
62 76
5 16
70 16
15 16
50 16
18 17
40 17
85 82
83 82
48 81
6 7
9 8
71 8
71 83
20 83
39 83
3 34
84 83
33 32
18 31
30 31
3 2
3 10
4 10
85 31
29 65
3 4
13 66
61 66
26 27
92 29
69 29
68 29
9 30
23 60
63 60
59 60
61 60
43 44
55 45
95 20
47 46
70 69
91 33
94 70
95 91
62 61
13 46
1 46
59 46
57 69
6 69
56 57
2 61
38 43
36 42
92 91
19 20
39 40
23 22
15 22
20 21
24 25
33 38
18 10
14 48
47 48
50 49
4 70
55 33
23 70
2 71
85 71
52 51
55 56
9 10
56 39
9 4
85 86
50 51
4 5
39 38
10 86
33 86
12 50
33 36
35 36
2 23
10 37
85 84
13 14
