5
1
24
26
41
58
100
2 79
5 79
16 79
31 79
46 79
29 79
0 2
57 79
77 79
8 79
15 79
17 79
36 79
43 79
44 79
49 79
0 4
64 79
65 79
69 79
71 79
73 79
0 5
0 30
0 31
0 35
0 50
0 51
0 59
0 7
0 9
0 12
0 16
0 18
0 19
0 25
0 42
0 46
0 56
0 66
0 68
70 30
70 31
70 3
70 60
70 45
10 78
30 78
45 78
70 4
70 7
70 18
70 6
70 29
61 78
70 34
70 47
70 48
70 54
70 57
70 71
50 78
60 78
72 78
13 78
27 78
49 78
2 78
5 78
31 78
35 78
51 78
59 78
3 78
21 78
37 78
77 78
15 78
18 20
32 20
55 20
73 20
54 20
63 20
5 20
12 20
19 20
75 25
30 20
75 18
31 20
35 20
51 20
59 20
43 20
64 20
10 20
69 20
15 20
23 20
