5
40
17
84
38
98
100
0 99
43 99
5 99
86 99
87 99
68 99
65 99
22 99
60 99
94 99
58 99
82 99
66 99
78 99
76 99
6 99
50 99
16 99
37 99
25 99
18 99
19 99
32 99
48 99
93 99
34 99
92 99
28 99
62 99
9 99
10 99
26 99
30 99
35 99
47 99
53 99
56 99
63 99
64 99
71 99
73 99
74 99
2 99
8 99
11 99
12 99
13 99
14 99
21 99
41 99
55 99
67 99
69 99
75 99
79 99
83 99
85 99
88 99
90 99
91 99
29 99
7 99
43 1
95 1
86 1
87 1
68 1
65 1
22 1
15 1
36 1
58 1
82 1
77 1
66 1
49 1
78 1
0 76
45 1
89 1
6 1
50 1
16 1
31 1
54 1
96 1
0 42
18 1
19 1
32 1
48 1
4 1
34 1
92 1
0 44
52 1
28 1
62 1
9 1
24 1
