0
93
45 42
45 59
58 41
54 42
39 38
60 79
61 79
66 79
75 79
72 76
72 78
63 79
72 60
64 79
69 79
71 79
76 79
62 78
60 78
76 78
68 78
72 62
77 73
70 73
65 63
71 63
77 63
66 76
64 76
66 70
72 67
72 61
64 70
72 66
62 70
67 70
71 74
64 74
75 61
72 65
62 74
65 71
65 64
69 74
69 67
60 61
62 61
77 66
77 69
71 66
64 69
77 60
62 60
77 64
51 42
44 46
48 46
40 46
49 43
52 43
52 40
48 40
49 48
44 48
40 43
40 54
49 50
49 56
49 52
36 38
26 38
29 38
21 25
33 25
22 27
39 27
22 23
34 23
30 23
37 23
24 34
32 20
24 39
24 21
26 28
36 20
28 20
31 39
26 39
32 33
30 31
32 31
24 22
