5
76
25
81
86
3
100
69 93
4 93
2 93
82 93
92 93
23 93
59 93
11 93
52 93
8 93
28 93
84 93
57 93
41 93
21 93
90 93
54 93
55 93
14 93
26 93
62 93
43 93
42 93
70 93
22 93
66 93
19 93
77 93
80 39
4 39
6 39
45 39
2 39
18 39
90 39
31 39
30 39
53 39
79 39
17 39
8 39
41 39
5 39
73 39
60 39
46 39
50 39
26 39
62 39
68 39
32 39
58 39
19 39
74 39
88 39
64 39
42 39
33 39
22 39
63 39
80 65
6 65
45 65
67 65
23 65
0 31
52 65
21 65
49 65
92 65
28 65
13 65
0 51
57 65
50 65
9 65
91 65
70 65
68 65
58 65
74 65
31 65
88 65
64 65
33 65
51 65
44 65
6 63
45 63
78 63
12 63
18 63
7 63
38 63
67 63
21 63
84 63
17 63
28 63
41 63
