5
61
75
80
74
93
100
50 99
0 49
86 99
82 99
88 99
72 99
73 99
76 99
65 99
81 99
90 99
58 99
91 99
98 99
79 99
62 99
67 99
50 78
68 99
94 99
56 99
85 99
51 99
59 99
83 99
92 99
78 99
52 99
54 99
70 99
55 99
77 99
57 99
86 89
82 89
88 89
72 89
73 89
76 89
81 89
90 89
50 58
97 89
91 89
98 89
50 79
62 89
67 89
95 89
68 89
84 89
60 89
94 89
56 89
85 89
53 89
50 69
51 89
66 89
59 89
83 89
92 89
58 89
79 89
78 89
69 89
52 89
77 89
96 89
54 89
70 89
86 57
88 57
81 57
90 57
97 57
98 57
62 57
95 57
68 57
56 57
85 57
53 57
51 57
59 57
83 57
92 57
50 71
58 57
79 57
78 57
69 57
77 57
86 54
82 54
88 54
73 54
64 54
81 54
90 54
