5
10
24
27
56
66
100
0 1
6 99
12 99
31 99
43 99
50 99
67 99
68 99
71 99
79 99
80 99
83 99
87 99
88 99
90 99
92 99
95 99
98 99
1 99
5 99
9 99
15 99
35 99
42 99
49 99
53 99
62 99
72 99
73 99
82 99
85 99
2 99
20 99
25 99
34 99
38 99
39 99
52 99
63 99
75 99
84 99
4 86
6 86
11 86
12 86
13 86
28 86
29 86
30 86
31 86
33 86
43 86
45 86
51 86
54 86
55 86
58 86
61 86
64 86
65 86
67 86
69 86
71 86
79 86
87 86
88 86
91 86
92 86
93 86
5 86
9 86
18 86
21 86
22 86
23 86
49 86
62 86
77 86
78 86
96 86
97 86
20 86
37 86
39 86
52 86
74 86
75 86
81 86
84 86
46 86
57 86
4 63
8 63
11 63
12 63
13 63
17 63
29 63
30 63
32 63
