5
4
10
47
34
72
100
13 79
14 79
27 79
37 79
51 79
66 79
7 79
30 79
52 79
65 79
0 13
11 79
63 79
28 79
33 79
41 79
54 79
24 79
8 79
62 79
71 79
0 26
0 27
0 36
0 66
0 1
0 9
0 14
0 15
11 78
0 17
0 20
0 35
0 37
0 38
0 43
0 44
0 51
0 53
0 60
0 64
0 69
73 40
73 52
73 63
73 77
73 61
73 51
73 53
73 60
73 2
73 3
73 30
73 39
73 42
73 50
73 56
57 22
57 63
57 74
57 70
57 15
57 43
57 53
57 30
57 58
57 31
57 33
24 26
24 66
24 45
24 28
24 71
24 61
24 70
24 13
24 17
24 38
24 43
24 44
24 42
24 59
24 11
24 41
24 54
24 8
24 16
76 40
76 25
76 17
76 44
76 60
76 5
76 42
76 55
76 56
76 59
76 29
76 39
76 23
