5
4
41
70
89
6
100
48 93
58 93
5 93
68 93
78 93
29 93
0 28
33 93
3 93
47 93
90 93
7 93
20 93
42 93
43 93
0 15
21 53
48 53
50 53
15 53
37 53
49 53
55 53
57 53
60 53
68 53
71 53
78 53
20 53
32 53
54 53
24 53
45 53
33 53
61 53
56 53
0 87
7 53
42 53
59 53
19 53
30 53
51 53
67 53
76 53
92 53
57 65
60 65
28 65
38 65
47 65
54 65
87 65
3 65
22 65
0 58
26 65
27 65
34 65
39 65
63 65
82 65
83 65
91 65
49 13
66 13
71 13
9 13
25 13
56 13
90 13
7 13
8 13
30 13
39 13
81 13
86 13
5 44
12 44
57 44
66 44
68 44
20 44
28 44
52 44
10 44
56 44
33 44
69 44
77 44
85 44
83 44
7 44
0 62
42 44
17 44
30 44
76 44
35 81
88 81
