5
53
15
3
62
59
100
52 99
4 99
7 99
29 99
38 99
50 99
96 99
4 90
41 90
79 90
73 90
24 47
11 47
42 47
4 47
39 47
48 47
50 47
64 47
86 47
57 47
43 97
27 97
31 97
55 97
49 97
68 97
84 97
86 97
31 93
35 93
55 93
26 69
83 69
0 6
66 69
40 69
98 69
19 69
68 69
18 51
31 51
0 83
79 51
46 51
73 51
60 51
40 2
43 2
0 37
65 2
95 2
77 2
66 56
7 56
0 26
0 25
0 52
20 56
54 56
96 56
44 10
94 9
0 91
4 9
17 9
0 58
79 9
0 76
60 44
75 36
75 88
86 44
78 44
13 44
39 44
61 44
21 18
31 52
63 52
85 52
82 52
25 52
71 52
21 67
18 27
36 27
48 70
21 41
21 54
64 70
37 70
91 70
14 70
4 70
67 70
78 71
37 71
76 71
73 71
