5
49
45
40
15
60
100
67 99
0 74
0 86
0 39
44 99
46 99
17 99
0 89
0 94
0 28
4 86
67 93
59 80
4 61
27 80
93 80
2 80
66 80
5 80
86 80
46 80
6 80
70 80
4 67
5 74
4 44
4 81
4 77
4 23
4 35
4 32
88 74
25 74
87 74
78 74
14 74
38 74
56 74
51 10
46 10
9 10
79 10
37 94
37 83
78 10
37 50
67 10
37 16
69 10
61 10
19 10
3 10
20 58
69 58
70 58
90 58
21 76
92 58
6 58
8 58
91 58
46 58
38 58
53 25
84 25
81 25
6 25
91 25
50 25
87 25
24 25
89 38
2 38
84 38
56 38
51 38
48 38
17 38
75 36
21 78
52 36
30 36
85 36
70 36
81 36
46 36
50 36
28 53
44 77
31 13
82 93
94 93
21 22
27 93
48 93
83 93
53 93
78 93
9 93
77 93
