5
36
3
87
57
66
100
22 99
0 92
0 95
0 48
38 99
50 60
21 8
17 60
21 37
63 60
32 79
98 53
32 19
95 31
61 31
30 31
93 44
95 44
9 44
6 30
19 13
72 13
97 13
32 7
32 65
56 13
9 48
72 48
50 34
50 40
74 48
71 86
15 54
85 48
88 83
16 83
45 58
90 58
86 58
17 91
80 98
65 91
28 91
69 16
84 16
79 16
92 98
8 98
61 98
59 74
41 74
6 74
9 28
92 79
81 79
80 20
19 47
14 25
45 25
75 25
95 20
41 20
51 20
69 20
19 20
51 35
76 20
77 35
80 62
96 35
54 35
43 35
76 35
39 35
93 94
89 62
64 62
14 62
72 9
40 93
51 93
29 89
46 89
82 64
43 64
23 64
81 64
56 64
6 68
46 68
88 65
51 65
17 65
84 65
5 55
56 55
1 11
85 11
86 11
69 39
