5
54
13
42
74
34
100
62 82
0 72
15 82
4 82
17 82
18 82
2 82
9 82
14 82
23 82
51 82
6 82
70 82
37 82
72 82
1 67
67 82
52 82
26 82
57 82
71 82
60 82
73 82
44 82
63 82
77 82
64 82
33 82
53 82
38 35
15 35
9 35
59 35
23 35
81 35
16 35
11 35
45 35
69 35
31 35
75 35
44 35
77 35
68 35
51 35
20 35
58 35
12 64
7 64
55 64
10 64
47 64
79 64
40 64
32 64
26 64
45 64
36 64
31 64
73 64
63 64
27 64
28 64
39 64
41 25
59 25
31 25
51 25
72 25
66 25
46 25
3 25
57 25
39 25
49 25
48 25
68 25
37 25
53 25
75 25
77 25
7 80
8 80
62 80
4 80
67 80
2 80
14 80
3 80
36 80
60 80
17 80
18 80
19 80
39 80
44 80
49 80
58 80
7 30
62 30
