5
82
83
86
87
88
100
1 99
35 99
72 99
84 99
19 99
42 99
81 99
53 99
27 99
62 99
69 99
66 99
6 99
9 99
13 99
15 99
17 99
23 99
0 30
32 99
0 34
36 99
43 99
44 99
46 99
47 99
48 99
49 99
50 99
56 99
0 57
58 99
64 99
77 99
80 99
82 99
83 99
86 99
87 99
88 99
89 99
97 99
98 99
30 99
34 99
57 99
11 99
4 99
22 99
63 99
68 99
90 99
75 99
79 99
26 99
41 99
70 99
96 93
35 93
72 93
19 93
3 93
42 93
33 93
45 93
25 93
81 93
53 93
85 93
91 93
65 93
27 93
37 93
0 7
69 93
66 93
21 93
1 93
6 93
0 9
12 93
13 93
17 93
23 93
28 93
29 93
32 93
36 93
43 93
44 93
0 46
47 93
48 93
49 93
50 93
58 93
59 93
64 93
76 93
77 93
