5
91
41
20
14
67
100
93 99
46 99
62 99
6 99
5 99
46 39
62 39
6 39
50 39
11 5
46 5
62 5
37 5
58 81
0 21
52 50
46 50
1 50
38 50
11 82
32 82
52 82
53 82
60 82
1 82
38 82
97 18
52 18
4 18
25 18
60 18
32 18
1 18
38 18
52 81
0 63
4 81
25 81
0 33
0 75
32 81
53 81
60 81
1 81
11 38
37 38
52 38
97 38
60 38
97 1
52 1
11 1
4 1
87 60
58 60
23 60
32 60
36 3
80 53
94 53
57 53
86 53
80 32
94 32
57 32
23 32
51 86
83 86
43 86
94 86
23 86
19 86
43 2
94 2
19 2
12 2
65 2
7 2
43 28
83 28
35 28
7 28
12 28
19 28
65 28
43 6
36 96
94 46
62 6
96 89
36 92
85 89
30 3
59 89
61 89
77 75
83 89
35 89
93 89
56 89
