5
25
48
17
55
5
100
44 81
67 81
79 81
21 81
65 81
75 81
72 81
51 78
15 78
69 78
4 78
0 41
21 78
18 78
46 78
50 78
65 78
73 78
79 78
1 78
2 32
37 32
52 32
21 32
40 32
33 42
28 42
22 42
37 42
18 42
80 42
58 42
69 42
40 42
72 42
7 10
15 10
79 10
3 10
0 49
14 10
63 10
39 10
66 10
71 10
37 13
28 13
63 13
54 13
21 13
15 13
29 71
19 71
74 71
12 71
38 71
67 71
46 71
11 71
9 71
76 71
60 71
58 71
70 71
8 34
16 34
49 34
53 34
54 34
69 34
60 34
0 62
72 34
0 56
73 34
50 34
0 20
26 34
14 34
6 34
75 43
61 43
3 43
21 43
27 43
45 43
46 43
60 43
11 43
52 43
64 43
72 43
0 36
59 43
77 43
69 31
0 33
0 23
1 31
9 31
