5
54
80
89
36
11
100
0 64
0 66
0 67
0 10
0 12
0 14
13 99
32 99
66 99
67 99
70 99
49 99
63 99
64 99
15 99
55 99
88 99
93 99
8 99
21 99
48 99
38 99
40 74
46 74
5 74
42 74
50 74
83 74
81 74
18 74
93 74
47 74
63 74
6 84
0 17
0 23
0 26
16 84
0 35
0 43
0 53
0 57
0 65
0 85
0 98
34 10
34 3
34 4
34 8
9 70
34 9
34 24
34 25
34 28
34 30
34 32
34 64
34 65
34 68
34 79
27 84
34 88
34 56
34 58
34 71
47 84
43 91
77 84
16 98
16 37
29 84
62 84
73 84
22 84
69 84
83 84
46 84
75 84
87 84
91 84
94 84
70 84
1 84
59 84
16 68
16 43
16 28
16 81
16 52
16 55
16 93
16 31
16 96
16 40
16 45
16 32
10 51
1 51
5 51
37 51
