5
61
67
96
41
13
100
39 99
0 44
26 99
8 44
44 99
40 99
2 99
0 8
0 34
0 43
70 35
0 73
54 99
5 99
15 99
18 99
0 52
19 99
22 99
28 99
37 99
74 99
98 99
35 99
8 93
43 93
0 59
44 93
73 93
3 93
12 93
86 93
15 93
38 93
0 4
0 70
4 50
70 50
60 50
75 50
89 50
30 50
72 50
97 50
0 1
0 27
7 10
74 10
0 39
0 48
0 57
0 58
0 64
0 68
0 78
0 92
79 10
89 10
63 9
63 15
63 18
63 30
63 38
44 10
63 42
63 65
63 72
12 10
87 10
63 85
63 97
63 39
63 84
43 10
51 10
55 10
83 10
98 10
25 10
66 10
69 10
31 10
1 49
44 49
59 49
64 49
11 26
70 49
3 49
16 49
22 49
38 49
53 49
65 49
66 49
71 49
72 49
82 49
83 49
4 90
