4
11
34
46
67
100
0 99
5 99
0 6
17 99
18 99
21 99
22 99
23 99
35 99
45 99
53 99
57 99
59 99
61 99
64 99
66 99
71 99
72 99
79 99
80 99
0 92
97 99
6 99
25 99
28 99
31 99
36 99
37 99
38 99
42 99
47 99
54 99
58 99
62 99
63 99
68 99
70 99
75 99
82 99
83 99
84 99
85 99
92 99
93 99
94 99
95 99
2 96
3 96
4 96
5 96
7 96
9 96
10 96
13 96
14 96
15 96
16 96
17 96
18 96
19 96
0 20
21 96
22 96
23 96
26 96
27 96
30 96
33 96
35 96
39 96
40 96
43 96
44 96
49 96
50 96
53 96
57 96
59 96
60 96
61 96
64 96
65 96
66 96
71 96
72 96
73 96
76 96
78 96
79 96
80 96
88 96
90 96
91 96
97 96
8 96
12 96
20 96
0 3
0 14
24 96
