5
26
58
10
15
19
100
24 96
54 96
61 96
86 96
66 96
72 96
0 14
3 96
35 96
50 96
31 96
32 96
8 96
48 96
52 96
70 96
11 78
30 78
61 78
86 78
88 78
8 78
29 78
42 78
55 78
68 78
5 78
41 78
69 78
57 78
45 78
74 78
12 78
27 78
48 78
87 78
34 95
46 95
56 95
84 95
88 95
94 95
42 95
51 95
55 95
66 95
6 95
7 95
13 95
35 95
39 95
93 95
0 33
5 95
41 95
83 95
45 95
74 95
76 95
11 90
30 90
34 90
53 90
61 90
82 90
89 90
42 90
68 90
80 90
91 90
64 90
79 90
81 90
5 90
21 90
52 90
57 90
74 90
27 90
38 90
40 90
70 90
53 75
54 75
67 75
86 75
89 75
94 75
33 75
50 75
93 75
18 75
41 75
83 75
20 75
28 75
23 75
74 75
76 75
87 75
