5
15
42
87
4
11
100
7 99
8 99
20 99
23 99
29 99
33 99
34 99
41 99
50 99
54 99
56 99
59 99
63 99
65 99
67 99
70 99
71 99
72 99
77 99
91 99
19 99
28 99
37 99
49 99
55 99
58 99
82 99
90 99
2 99
24 99
27 99
40 99
85 99
88 99
16 99
18 99
21 99
22 99
25 99
48 99
53 99
76 99
3 78
14 78
20 78
23 78
29 78
30 78
33 78
34 78
46 78
47 78
50 78
51 78
52 78
54 78
59 78
60 78
63 78
65 78
66 78
68 78
72 78
77 78
81 78
83 78
86 78
91 78
28 78
35 78
39 78
49 78
55 78
57 78
61 78
82 78
90 78
98 78
5 78
17 78
24 78
40 78
92 78
18 78
76 78
22 78
73 78
75 78
80 78
3 93
7 93
8 93
0 10
13 93
14 93
20 93
23 93
38 93
44 93
50 93
