4
97
42
90
56
87
0 99
0 1
4 98
41 91
40 25
38 33
64 91
47 46
37 96
58 91
25 45
76 43
36 35
3 4
64 65
62 61
70 4
74 4
5 4
6 7
21 9
2 10
11 10
20 89
83 88
87 88
80 5
81 11
13 12
82 12
67 23
21 22
24 23
87 23
19 20
52 75
50 51
51 75
1 75
33 75
52 53
76 75
72 73
53 73
60 57
86 57
3 57
49 17
49 48
35 58
66 67
80 59
94 93
18 59
87 59
91 61
14 48
93 48
68 67
95 29
96 71
85 86
2 87
17 16
33 13
17 52
71 14
27 26
54 15
29 30
69 16
52 51
31 35
26 34
80 32
53 31
80 69
30 31
93 31
71 69
78 72
81 82
55 54
25 24
51 91
1 2
84 53
