5
39
7
84
94
67
100
0 99
64 99
97 99
68 99
92 99
10 99
59 15
72 15
46 15
9 15
86 15
91 24
35 24
52 24
43 24
4 24
23 24
0 73
56 98
87 98
11 98
49 77
28 77
34 79
70 79
3 79
12 79
31 45
93 45
76 45
82 13
2 13
86 13
63 13
60 73
56 73
41 73
14 73
46 73
93 78
40 78
0 6
60 78
46 78
33 78
51 78
55 78
72 23
19 23
56 23
22 23
46 23
81 33
59 33
40 33
35 33
9 33
53 33
54 26
0 25
90 26
48 26
44 55
0 8
74 55
1 85
36 55
17 55
83 93
68 93
60 93
50 93
90 93
85 88
0 95
0 1
62 88
8 88
80 88
27 6
64 6
71 32
86 91
71 1
71 34
70 36
90 91
60 91
70 41
70 47
66 8
75 91
87 91
38 46
52 69
92 69
66 28
14 69
10 69
37 25
