5
4
46
72
80
59
100
5 99
6 99
7 99
9 99
11 99
32 99
34 99
37 99
40 99
42 99
45 99
49 99
50 99
52 99
0 57
60 99
61 99
66 99
84 99
85 99
86 99
88 99
95 99
98 99
57 99
8 99
16 99
25 99
27 99
28 99
29 99
38 99
70 99
71 99
73 99
81 99
10 99
33 99
56 99
62 99
63 99
65 99
76 99
3 99
39 99
44 99
58 99
9 55
11 55
14 55
17 55
19 55
21 55
24 55
34 55
41 55
42 55
0 51
61 55
66 55
67 55
75 55
82 55
84 55
85 55
96 55
51 55
16 55
27 55
28 55
29 55
38 55
53 55
54 55
71 55
81 55
94 55
15 55
20 55
33 55
48 55
62 55
65 55
79 55
78 55
6 90
7 90
13 90
14 90
24 90
0 32
37 90
42 90
50 90
61 90
67 90
75 90
82 90
86 90
89 90
