5
34
64
56
28
52
100
68 99
43 99
16 99
72 99
24 99
59 99
73 99
13 99
2 99
40 99
41 99
39 99
90 99
7 99
67 99
91 99
83 99
94 99
97 99
18 99
27 99
5 99
96 99
19 99
53 99
20 99
79 99
93 99
36 99
85 99
6 99
76 99
45 99
30 99
15 99
14 99
35 99
4 99
75 99
10 99
81 99
49 99
21 99
80 99
43 92
16 92
24 92
37 92
65 92
88 92
2 92
40 92
41 92
39 92
90 92
33 92
91 92
12 92
8 92
94 92
97 92
74 92
0 18
27 92
60 92
44 92
53 92
77 92
48 92
55 92
93 92
84 92
50 92
85 92
25 92
76 92
42 92
45 92
57 92
15 92
58 92
18 92
66 92
11 92
75 92
49 92
69 92
80 92
0 68
0 16
0 24
0 73
71 3
0 13
0 46
0 88
0 31
0 39
0 33
0 7
