5
25
26
71
82
60
100
5 99
8 99
9 99
12 99
18 99
24 99
27 99
29 99
32 99
34 99
35 99
40 99
44 99
59 99
67 99
72 99
77 99
78 99
88 99
89 99
93 99
95 99
97 99
1 99
4 99
10 99
11 99
22 99
31 99
39 99
41 99
62 99
69 99
98 99
16 99
19 99
33 99
51 99
52 99
54 99
57 99
63 99
66 99
76 99
85 99
87 99
90 99
92 99
6 96
8 96
17 96
20 96
27 96
29 96
35 96
43 96
48 96
59 96
67 96
0 72
74 96
77 96
78 96
81 96
88 96
89 96
95 96
72 96
10 96
11 96
13 96
21 96
22 96
37 96
42 96
45 96
58 96
61 96
62 96
68 96
80 96
15 96
19 96
30 96
46 96
51 96
85 96
23 96
66 96
76 96
16 96
38 96
5 87
7 87
8 87
17 87
18 87
20 87
24 87
27 87
