5
17
25
45
3
48
100
69 79
47 79
36 79
21 79
51 41
29 79
0 2
62 79
4 24
73 71
49 55
43 55
10 55
36 34
18 9
0 4
0 69
0 51
0 73
13 4
13 29
13 38
16 9
19 67
52 67
60 67
32 63
32 77
32 5
29 44
32 75
32 29
5 64
16 67
62 67
1 64
5 42
53 16
53 63
5 53
22 67
59 67
19 33
5 76
2 33
5 24
47 57
5 1
5 66
62 30
62 58
20 22
31 12
37 22
10 22
10 71
19 8
42 8
20 4
37 4
64 65
43 65
21 58
57 24
27 65
21 59
53 2
12 65
24 65
63 77
63 59
63 58
28 12
20 44
28 44
10 6
28 64
61 43
36 73
56 73
10 18
1 19
12 73
29 42
29 58
56 30
54 42
43 75
43 77
30 6
60 6
43 16
43 59
18 68
18 64
30 37
68 37
58 59
16 37
59 16
