5
40
8
9
10
15
100
14 71
2 71
4 71
5 71
7 71
13 71
17 71
19 71
22 71
23 71
24 71
26 71
27 71
28 71
30 71
31 71
32 71
33 71
39 71
43 71
44 71
46 71
47 71
49 71
50 71
55 71
57 71
58 71
0 60
64 71
65 71
67 71
68 71
60 71
3 71
12 71
18 71
29 71
34 71
35 71
42 71
54 71
70 71
41 71
45 71
48 71
51 71
6 71
14 56
5 56
11 56
13 56
16 56
0 20
22 56
23 56
25 56
26 56
27 56
28 56
30 56
32 56
37 56
43 56
44 56
46 56
0 47
49 56
53 56
57 56
58 56
59 56
62 56
63 56
64 56
66 56
68 56
20 56
47 56
60 56
3 56
18 56
21 56
0 1
34 56
35 56
38 56
54 56
69 56
70 56
45 56
48 56
14 6
4 6
7 6
11 6
13 6
0 16
0 17
22 6
