5
84
9
10
13
25
100
5 98
23 98
17 98
37 98
70 98
57 98
39 98
24 98
54 98
92 98
55 98
40 98
15 98
14 98
26 98
28 98
29 98
35 98
45 98
46 98
47 98
56 98
58 98
65 98
75 98
82 98
87 98
88 98
93 98
2 98
32 98
85 98
52 98
89 98
38 98
42 98
18 98
96 98
22 98
16 98
67 98
91 98
78 98
76 98
95 98
3 98
61 98
63 98
64 74
70 74
57 74
39 74
0 92
55 74
40 74
66 74
84 74
9 74
13 74
25 74
26 74
28 74
34 74
47 74
53 74
0 56
58 74
69 74
73 74
82 74
90 74
94 74
97 74
92 74
56 74
32 74
85 74
38 74
42 74
8 74
77 74
22 74
11 74
76 74
44 74
68 74
30 74
23 83
17 83
37 83
70 83
19 83
79 83
4 83
7 83
33 83
27 83
55 83
40 83
66 83
