5
75
25
1
23
15
100
0 99
51 99
0 91
0 19
13 19
0 15
34 19
38 19
53 77
22 61
32 61
32 39
57 61
43 61
0 16
49 63
67 63
39 47
49 47
39 43
31 33
0 24
32 53
38 53
46 53
48 53
48 56
50 56
16 48
24 48
40 48
42 48
0 22
11 22
18 22
44 48
22 54
50 54
56 60
12 24
13 24
14 24
18 24
20 24
16 24
28 24
22 24
30 24
16 32
26 32
28 32
36 32
40 32
34 32
30 32
34 38
36 38
42 38
40 38
40 44
42 44
22 44
42 46
6 31
0 21
17 21
36 42
20 40
34 40
18 36
34 36
26 30
28 30
6 34
17 34
14 28
26 28
16 22
13 26
0 20
10 20
14 20
8 16
10 16
0 12
6 12
8 12
0 18
9 18
14 18
0 17
0 13
0 9
0 5
0 10
4 10
6 10
0 14
0 7
3 7
