5
11
24
55
43
76
100
0 11
0 13
0 22
23 84
0 24
0 33
0 36
0 55
0 56
0 64
0 79
0 80
0 4
0 8
0 10
0 12
0 14
0 16
0 18
0 23
0 29
0 34
0 35
0 40
0 42
0 51
0 53
0 59
0 62
0 73
74 56
74 64
74 80
74 15
74 65
74 83
74 17
74 20
74 44
74 50
74 61
74 63
74 71
74 72
74 4
74 34
74 51
74 53
74 59
74 62
74 73
74 37
74 39
74 46
74 52
74 57
74 66
74 77
13 84
36 84
56 84
79 84
15 84
19 84
25 84
54 84
65 84
75 84
78 84
17 84
21 84
31 84
44 84
81 8
22 84
33 84
64 84
80 84
1 84
3 84
27 84
28 84
41 84
48 84
69 84
83 84
6 84
20 84
50 84
60 84
61 84
63 84
68 84
71 84
10 72
14 72
16 72
51 72
53 72
25 72
