5
86
7
62
22
28
100
40 89
43 89
71 89
1 89
28 89
59 89
70 89
87 89
16 89
19 89
27 89
32 89
35 89
39 89
44 89
54 89
64 89
6 81
29 81
42 81
48 81
87 81
33 81
77 81
27 81
35 81
83 81
38 81
6 80
50 80
60 80
63 80
75 80
79 80
29 80
23 80
58 80
31 80
27 80
30 80
35 80
68 80
41 80
54 80
0 60
73 80
60 49
10 49
29 49
48 49
74 49
82 49
85 49
23 49
36 49
44 49
31 49
56 49
12 49
41 49
76 49
61 45
20 45
42 45
82 45
11 45
23 45
55 45
33 45
64 45
77 45
15 45
30 45
68 45
38 45
76 45
25 45
26 45
65 45
50 73
66 73
88 73
60 73
10 73
72 73
11 73
23 73
32 73
53 73
58 73
39 73
56 73
68 73
83 73
54 73
13 14
40 14
43 14
66 14
71 14
