5
13
19
21
31
35
100
0 99
1 99
2 99
3 99
4 99
5 99
6 99
7 99
8 99
9 99
10 99
11 99
12 99
17 99
18 99
20 99
23 99
24 99
25 99
27 99
28 99
32 99
33 99
34 99
36 99
37 99
39 99
40 99
41 99
42 99
0 43
44 99
45 99
46 99
47 99
48 99
50 99
51 99
52 99
54 99
55 99
56 99
57 99
58 99
59 99
60 99
61 99
62 99
63 99
64 99
65 99
66 99
67 99
68 99
69 99
70 99
71 99
72 99
73 99
74 99
75 99
76 99
78 99
79 99
0 80
81 99
83 99
85 99
86 99
87 99
88 99
90 99
93 99
94 99
95 99
96 99
97 99
98 99
43 99
80 99
14 99
15 99
22 99
29 99
82 99
2 92
3 92
4 92
5 92
6 92
0 7
8 92
9 92
10 92
12 92
16 92
17 92
18 92
20 92
23 92
